[     254ms] [WARNING] THREE.THREE.Clock: This module has been deprecated. Please use THREE.Timer instead. @ http://localhost:37327/@fs/home/ubuntu/Desktop/torugart-3d/.angular/cache/17.3.17/vite/deps/chunk-LGRTSC5P.js?v=9527dd55:302
[     336ms] [WARNING] THREE.WebGLShadowMap: PCFSoftShadowMap has been deprecated. Using PCFShadowMap instead. @ http://localhost:37327/@fs/home/ubuntu/Desktop/torugart-3d/.angular/cache/17.3.17/vite/deps/chunk-LGRTSC5P.js?v=9527dd55:302
[     414ms] [LOG] Angular is running in development mode. @ http://localhost:37327/@fs/home/ubuntu/Desktop/torugart-3d/.angular/cache/17.3.17/vite/deps/chunk-7HP6PHLZ.js?v=9527dd55:19778
[  235817ms] [WARNING] THREE.THREE.Clock: This module has been deprecated. Please use THREE.Timer instead. @ http://localhost:37327/@fs/home/ubuntu/Desktop/torugart-3d/.angular/cache/17.3.17/vite/deps/chunk-LGRTSC5P.js?v=9527dd55:302
[  235859ms] [WARNING] THREE.WebGLShadowMap: PCFSoftShadowMap has been deprecated. Using PCFShadowMap instead. @ http://localhost:37327/@fs/home/ubuntu/Desktop/torugart-3d/.angular/cache/17.3.17/vite/deps/chunk-LGRTSC5P.js?v=9527dd55:302
[  235908ms] [LOG] Angular is running in development mode. @ http://localhost:37327/@fs/home/ubuntu/Desktop/torugart-3d/.angular/cache/17.3.17/vite/deps/chunk-7HP6PHLZ.js?v=9527dd55:19778
[  403867ms] [WARNING] THREE.THREE.Clock: This module has been deprecated. Please use THREE.Timer instead. @ http://localhost:37327/@fs/home/ubuntu/Desktop/torugart-3d/.angular/cache/17.3.17/vite/deps/chunk-LGRTSC5P.js?v=9527dd55:302
[  403914ms] [WARNING] THREE.WebGLShadowMap: PCFSoftShadowMap has been deprecated. Using PCFShadowMap instead. @ http://localhost:37327/@fs/home/ubuntu/Desktop/torugart-3d/.angular/cache/17.3.17/vite/deps/chunk-LGRTSC5P.js?v=9527dd55:302
[  403962ms] [LOG] Angular is running in development mode. @ http://localhost:37327/@fs/home/ubuntu/Desktop/torugart-3d/.angular/cache/17.3.17/vite/deps/chunk-7HP6PHLZ.js?v=9527dd55:19778
[  852614ms] [WARNING] THREE.THREE.Clock: This module has been deprecated. Please use THREE.Timer instead. @ http://localhost:37327/@fs/home/ubuntu/Desktop/torugart-3d/.angular/cache/17.3.17/vite/deps/chunk-LGRTSC5P.js?v=9527dd55:302
[  852656ms] [WARNING] THREE.WebGLShadowMap: PCFSoftShadowMap has been deprecated. Using PCFShadowMap instead. @ http://localhost:37327/@fs/home/ubuntu/Desktop/torugart-3d/.angular/cache/17.3.17/vite/deps/chunk-LGRTSC5P.js?v=9527dd55:302
[  852701ms] [LOG] Angular is running in development mode. @ http://localhost:37327/@fs/home/ubuntu/Desktop/torugart-3d/.angular/cache/17.3.17/vite/deps/chunk-7HP6PHLZ.js?v=9527dd55:19778
[  865324ms] [WARNING] THREE.THREE.Clock: This module has been deprecated. Please use THREE.Timer instead. @ http://localhost:37327/@fs/home/ubuntu/Desktop/torugart-3d/.angular/cache/17.3.17/vite/deps/chunk-LGRTSC5P.js?v=9527dd55:302
[  865380ms] [WARNING] THREE.WebGLShadowMap: PCFSoftShadowMap has been deprecated. Using PCFShadowMap instead. @ http://localhost:37327/@fs/home/ubuntu/Desktop/torugart-3d/.angular/cache/17.3.17/vite/deps/chunk-LGRTSC5P.js?v=9527dd55:302
[  865440ms] [LOG] Angular is running in development mode. @ http://localhost:37327/@fs/home/ubuntu/Desktop/torugart-3d/.angular/cache/17.3.17/vite/deps/chunk-7HP6PHLZ.js?v=9527dd55:19778
[ 1037422ms] [WARNING] THREE.THREE.Clock: This module has been deprecated. Please use THREE.Timer instead. @ http://localhost:37327/@fs/home/ubuntu/Desktop/torugart-3d/.angular/cache/17.3.17/vite/deps/chunk-LGRTSC5P.js?v=9527dd55:302
[ 1037485ms] [WARNING] THREE.WebGLShadowMap: PCFSoftShadowMap has been deprecated. Using PCFShadowMap instead. @ http://localhost:37327/@fs/home/ubuntu/Desktop/torugart-3d/.angular/cache/17.3.17/vite/deps/chunk-LGRTSC5P.js?v=9527dd55:302
[ 1037543ms] [LOG] Angular is running in development mode. @ http://localhost:37327/@fs/home/ubuntu/Desktop/torugart-3d/.angular/cache/17.3.17/vite/deps/chunk-7HP6PHLZ.js?v=9527dd55:19778
[ 1591781ms] [WARNING] THREE.THREE.Clock: This module has been deprecated. Please use THREE.Timer instead. @ http://localhost:37327/@fs/home/ubuntu/Desktop/torugart-3d/.angular/cache/17.3.17/vite/deps/chunk-LGRTSC5P.js?v=9527dd55:302
[ 1591817ms] [WARNING] THREE.WebGLShadowMap: PCFSoftShadowMap has been deprecated. Using PCFShadowMap instead. @ http://localhost:37327/@fs/home/ubuntu/Desktop/torugart-3d/.angular/cache/17.3.17/vite/deps/chunk-LGRTSC5P.js?v=9527dd55:302
[ 1591852ms] [LOG] Angular is running in development mode. @ http://localhost:37327/@fs/home/ubuntu/Desktop/torugart-3d/.angular/cache/17.3.17/vite/deps/chunk-7HP6PHLZ.js?v=9527dd55:19778
