[      65ms] [WARNING] THREE.THREE.Clock: This module has been deprecated. Please use THREE.Timer instead. @ http://localhost:4200/@fs/home/ubuntu/Desktop/torugart-3d/.angular/cache/17.3.17/vite/deps/chunk-LGRTSC5P.js?v=395b2420:302
[     100ms] [WARNING] THREE.WebGLShadowMap: PCFSoftShadowMap has been deprecated. Using PCFShadowMap instead. @ http://localhost:4200/@fs/home/ubuntu/Desktop/torugart-3d/.angular/cache/17.3.17/vite/deps/chunk-LGRTSC5P.js?v=395b2420:302
[   38947ms] [WARNING] THREE.THREE.Clock: This module has been deprecated. Please use THREE.Timer instead. @ http://localhost:4200/@fs/home/ubuntu/Desktop/torugart-3d/.angular/cache/17.3.17/vite/deps/chunk-LGRTSC5P.js?v=395b2420:302
[   38990ms] [WARNING] THREE.WebGLShadowMap: PCFSoftShadowMap has been deprecated. Using PCFShadowMap instead. @ http://localhost:4200/@fs/home/ubuntu/Desktop/torugart-3d/.angular/cache/17.3.17/vite/deps/chunk-LGRTSC5P.js?v=395b2420:302
[  101771ms] [WARNING] THREE.THREE.Clock: This module has been deprecated. Please use THREE.Timer instead. @ http://localhost:4200/@fs/home/ubuntu/Desktop/torugart-3d/.angular/cache/17.3.17/vite/deps/chunk-LGRTSC5P.js?v=395b2420:302
[  101817ms] [WARNING] THREE.WebGLShadowMap: PCFSoftShadowMap has been deprecated. Using PCFShadowMap instead. @ http://localhost:4200/@fs/home/ubuntu/Desktop/torugart-3d/.angular/cache/17.3.17/vite/deps/chunk-LGRTSC5P.js?v=395b2420:302
[  237961ms] [WARNING] THREE.THREE.Clock: This module has been deprecated. Please use THREE.Timer instead. @ http://localhost:4200/@fs/home/ubuntu/Desktop/torugart-3d/.angular/cache/17.3.17/vite/deps/chunk-LGRTSC5P.js?v=395b2420:302
[  261911ms] [WARNING] THREE.WebGLShadowMap: PCFSoftShadowMap has been deprecated. Using PCFShadowMap instead. @ http://localhost:4200/@fs/home/ubuntu/Desktop/torugart-3d/.angular/cache/17.3.17/vite/deps/chunk-LGRTSC5P.js?v=395b2420:302
[  296934ms] [WARNING] THREE.THREE.Clock: This module has been deprecated. Please use THREE.Timer instead. @ http://localhost:4200/@fs/home/ubuntu/Desktop/torugart-3d/.angular/cache/17.3.17/vite/deps/chunk-LGRTSC5P.js?v=395b2420:302
[  315062ms] [WARNING] THREE.WebGLShadowMap: PCFSoftShadowMap has been deprecated. Using PCFShadowMap instead. @ http://localhost:4200/@fs/home/ubuntu/Desktop/torugart-3d/.angular/cache/17.3.17/vite/deps/chunk-LGRTSC5P.js?v=395b2420:302
[  315259ms] [WARNING] THREE.THREE.Clock: This module has been deprecated. Please use THREE.Timer instead. @ http://localhost:4200/@fs/home/ubuntu/Desktop/torugart-3d/.angular/cache/17.3.17/vite/deps/chunk-LGRTSC5P.js?v=395b2420:302
[  315418ms] [WARNING] THREE.WebGLShadowMap: PCFSoftShadowMap has been deprecated. Using PCFShadowMap instead. @ http://localhost:4200/@fs/home/ubuntu/Desktop/torugart-3d/.angular/cache/17.3.17/vite/deps/chunk-LGRTSC5P.js?v=395b2420:302
[  334686ms] [WARNING] THREE.THREE.Clock: This module has been deprecated. Please use THREE.Timer instead. @ http://localhost:4200/@fs/home/ubuntu/Desktop/torugart-3d/.angular/cache/17.3.17/vite/deps/chunk-LGRTSC5P.js?v=395b2420:302
[  334735ms] [WARNING] THREE.WebGLShadowMap: PCFSoftShadowMap has been deprecated. Using PCFShadowMap instead. @ http://localhost:4200/@fs/home/ubuntu/Desktop/torugart-3d/.angular/cache/17.3.17/vite/deps/chunk-LGRTSC5P.js?v=395b2420:302
[  362544ms] [WARNING] THREE.THREE.Clock: This module has been deprecated. Please use THREE.Timer instead. @ http://localhost:4200/@fs/home/ubuntu/Desktop/torugart-3d/.angular/cache/17.3.17/vite/deps/chunk-LGRTSC5P.js?v=395b2420:302
[  362597ms] [WARNING] THREE.WebGLShadowMap: PCFSoftShadowMap has been deprecated. Using PCFShadowMap instead. @ http://localhost:4200/@fs/home/ubuntu/Desktop/torugart-3d/.angular/cache/17.3.17/vite/deps/chunk-LGRTSC5P.js?v=395b2420:302
[  370782ms] [WARNING] THREE.THREE.Clock: This module has been deprecated. Please use THREE.Timer instead. @ http://localhost:4200/@fs/home/ubuntu/Desktop/torugart-3d/.angular/cache/17.3.17/vite/deps/chunk-LGRTSC5P.js?v=395b2420:302
[  370837ms] [WARNING] THREE.WebGLShadowMap: PCFSoftShadowMap has been deprecated. Using PCFShadowMap instead. @ http://localhost:4200/@fs/home/ubuntu/Desktop/torugart-3d/.angular/cache/17.3.17/vite/deps/chunk-LGRTSC5P.js?v=395b2420:302
[  387671ms] [WARNING] THREE.THREE.Clock: This module has been deprecated. Please use THREE.Timer instead. @ http://localhost:4200/@fs/home/ubuntu/Desktop/torugart-3d/.angular/cache/17.3.17/vite/deps/chunk-LGRTSC5P.js?v=395b2420:302
[  387722ms] [WARNING] THREE.WebGLShadowMap: PCFSoftShadowMap has been deprecated. Using PCFShadowMap instead. @ http://localhost:4200/@fs/home/ubuntu/Desktop/torugart-3d/.angular/cache/17.3.17/vite/deps/chunk-LGRTSC5P.js?v=395b2420:302
[  407986ms] [WARNING] THREE.THREE.Clock: This module has been deprecated. Please use THREE.Timer instead. @ http://localhost:4200/@fs/home/ubuntu/Desktop/torugart-3d/.angular/cache/17.3.17/vite/deps/chunk-LGRTSC5P.js?v=395b2420:302
[  408026ms] [WARNING] THREE.WebGLShadowMap: PCFSoftShadowMap has been deprecated. Using PCFShadowMap instead. @ http://localhost:4200/@fs/home/ubuntu/Desktop/torugart-3d/.angular/cache/17.3.17/vite/deps/chunk-LGRTSC5P.js?v=395b2420:302
[  422714ms] [WARNING] THREE.THREE.Clock: This module has been deprecated. Please use THREE.Timer instead. @ http://localhost:4200/@fs/home/ubuntu/Desktop/torugart-3d/.angular/cache/17.3.17/vite/deps/chunk-LGRTSC5P.js?v=395b2420:302
[  422775ms] [WARNING] THREE.WebGLShadowMap: PCFSoftShadowMap has been deprecated. Using PCFShadowMap instead. @ http://localhost:4200/@fs/home/ubuntu/Desktop/torugart-3d/.angular/cache/17.3.17/vite/deps/chunk-LGRTSC5P.js?v=395b2420:302
[  457288ms] [WARNING] THREE.THREE.Clock: This module has been deprecated. Please use THREE.Timer instead. @ http://localhost:4200/@fs/home/ubuntu/Desktop/torugart-3d/.angular/cache/17.3.17/vite/deps/chunk-LGRTSC5P.js?v=395b2420:302
[  457347ms] [WARNING] THREE.WebGLShadowMap: PCFSoftShadowMap has been deprecated. Using PCFShadowMap instead. @ http://localhost:4200/@fs/home/ubuntu/Desktop/torugart-3d/.angular/cache/17.3.17/vite/deps/chunk-LGRTSC5P.js?v=395b2420:302
[  458382ms] [WARNING] THREE.THREE.Clock: This module has been deprecated. Please use THREE.Timer instead. @ http://localhost:4200/@fs/home/ubuntu/Desktop/torugart-3d/.angular/cache/17.3.17/vite/deps/chunk-LGRTSC5P.js?v=395b2420:302
[  458436ms] [WARNING] THREE.WebGLShadowMap: PCFSoftShadowMap has been deprecated. Using PCFShadowMap instead. @ http://localhost:4200/@fs/home/ubuntu/Desktop/torugart-3d/.angular/cache/17.3.17/vite/deps/chunk-LGRTSC5P.js?v=395b2420:302
[  474151ms] [WARNING] THREE.THREE.Clock: This module has been deprecated. Please use THREE.Timer instead. @ http://localhost:4200/@fs/home/ubuntu/Desktop/torugart-3d/.angular/cache/17.3.17/vite/deps/chunk-LGRTSC5P.js?v=395b2420:302
[  474192ms] [WARNING] THREE.WebGLShadowMap: PCFSoftShadowMap has been deprecated. Using PCFShadowMap instead. @ http://localhost:4200/@fs/home/ubuntu/Desktop/torugart-3d/.angular/cache/17.3.17/vite/deps/chunk-LGRTSC5P.js?v=395b2420:302
[  484513ms] [WARNING] THREE.THREE.Clock: This module has been deprecated. Please use THREE.Timer instead. @ http://localhost:4200/@fs/home/ubuntu/Desktop/torugart-3d/.angular/cache/17.3.17/vite/deps/chunk-LGRTSC5P.js?v=395b2420:302
[  484564ms] [WARNING] THREE.WebGLShadowMap: PCFSoftShadowMap has been deprecated. Using PCFShadowMap instead. @ http://localhost:4200/@fs/home/ubuntu/Desktop/torugart-3d/.angular/cache/17.3.17/vite/deps/chunk-LGRTSC5P.js?v=395b2420:302
[  496471ms] [WARNING] THREE.THREE.Clock: This module has been deprecated. Please use THREE.Timer instead. @ http://localhost:4200/@fs/home/ubuntu/Desktop/torugart-3d/.angular/cache/17.3.17/vite/deps/chunk-LGRTSC5P.js?v=395b2420:302
[  496516ms] [WARNING] THREE.WebGLShadowMap: PCFSoftShadowMap has been deprecated. Using PCFShadowMap instead. @ http://localhost:4200/@fs/home/ubuntu/Desktop/torugart-3d/.angular/cache/17.3.17/vite/deps/chunk-LGRTSC5P.js?v=395b2420:302
[  516831ms] [WARNING] THREE.THREE.Clock: This module has been deprecated. Please use THREE.Timer instead. @ http://localhost:4200/@fs/home/ubuntu/Desktop/torugart-3d/.angular/cache/17.3.17/vite/deps/chunk-LGRTSC5P.js?v=395b2420:302
[  516882ms] [WARNING] THREE.WebGLShadowMap: PCFSoftShadowMap has been deprecated. Using PCFShadowMap instead. @ http://localhost:4200/@fs/home/ubuntu/Desktop/torugart-3d/.angular/cache/17.3.17/vite/deps/chunk-LGRTSC5P.js?v=395b2420:302
[  598272ms] [WARNING] THREE.THREE.Clock: This module has been deprecated. Please use THREE.Timer instead. @ http://localhost:4200/@fs/home/ubuntu/Desktop/torugart-3d/.angular/cache/17.3.17/vite/deps/chunk-LGRTSC5P.js?v=ca18ca99:302
[  598330ms] [WARNING] THREE.WebGLShadowMap: PCFSoftShadowMap has been deprecated. Using PCFShadowMap instead. @ http://localhost:4200/@fs/home/ubuntu/Desktop/torugart-3d/.angular/cache/17.3.17/vite/deps/chunk-LGRTSC5P.js?v=ca18ca99:302
[  658600ms] [WARNING] THREE.THREE.Clock: This module has been deprecated. Please use THREE.Timer instead. @ http://localhost:4200/@fs/home/ubuntu/Desktop/torugart-3d/.angular/cache/17.3.17/vite/deps/chunk-LGRTSC5P.js?v=ca18ca99:302
[  658653ms] [WARNING] THREE.WebGLShadowMap: PCFSoftShadowMap has been deprecated. Using PCFShadowMap instead. @ http://localhost:4200/@fs/home/ubuntu/Desktop/torugart-3d/.angular/cache/17.3.17/vite/deps/chunk-LGRTSC5P.js?v=ca18ca99:302
[  665498ms] [WARNING] THREE.THREE.Clock: This module has been deprecated. Please use THREE.Timer instead. @ http://localhost:4200/@fs/home/ubuntu/Desktop/torugart-3d/.angular/cache/17.3.17/vite/deps/chunk-LGRTSC5P.js?v=ca18ca99:302
[  665550ms] [WARNING] THREE.WebGLShadowMap: PCFSoftShadowMap has been deprecated. Using PCFShadowMap instead. @ http://localhost:4200/@fs/home/ubuntu/Desktop/torugart-3d/.angular/cache/17.3.17/vite/deps/chunk-LGRTSC5P.js?v=ca18ca99:302
[  685074ms] [WARNING] THREE.THREE.Clock: This module has been deprecated. Please use THREE.Timer instead. @ http://localhost:4200/@fs/home/ubuntu/Desktop/torugart-3d/.angular/cache/17.3.17/vite/deps/chunk-LGRTSC5P.js?v=ca18ca99:302
[  685117ms] [WARNING] THREE.WebGLShadowMap: PCFSoftShadowMap has been deprecated. Using PCFShadowMap instead. @ http://localhost:4200/@fs/home/ubuntu/Desktop/torugart-3d/.angular/cache/17.3.17/vite/deps/chunk-LGRTSC5P.js?v=ca18ca99:302
[  701816ms] [WARNING] THREE.THREE.Clock: This module has been deprecated. Please use THREE.Timer instead. @ http://localhost:4200/@fs/home/ubuntu/Desktop/torugart-3d/.angular/cache/17.3.17/vite/deps/chunk-LGRTSC5P.js?v=ca18ca99:302
[  701881ms] [WARNING] THREE.WebGLShadowMap: PCFSoftShadowMap has been deprecated. Using PCFShadowMap instead. @ http://localhost:4200/@fs/home/ubuntu/Desktop/torugart-3d/.angular/cache/17.3.17/vite/deps/chunk-LGRTSC5P.js?v=ca18ca99:302
[  723583ms] [WARNING] THREE.THREE.Clock: This module has been deprecated. Please use THREE.Timer instead. @ http://localhost:4200/@fs/home/ubuntu/Desktop/torugart-3d/.angular/cache/17.3.17/vite/deps/chunk-LGRTSC5P.js?v=ca18ca99:302
[  723628ms] [WARNING] THREE.WebGLShadowMap: PCFSoftShadowMap has been deprecated. Using PCFShadowMap instead. @ http://localhost:4200/@fs/home/ubuntu/Desktop/torugart-3d/.angular/cache/17.3.17/vite/deps/chunk-LGRTSC5P.js?v=ca18ca99:302
