[      97ms] [WARNING] THREE.THREE.Clock: This module has been deprecated. Please use THREE.Timer instead. @ http://localhost:4200/@fs/home/ubuntu/Desktop/torugart-3d/.angular/cache/17.3.17/vite/deps/chunk-LGRTSC5P.js?v=ca18ca99:302
[     146ms] [WARNING] THREE.WebGLShadowMap: PCFSoftShadowMap has been deprecated. Using PCFShadowMap instead. @ http://localhost:4200/@fs/home/ubuntu/Desktop/torugart-3d/.angular/cache/17.3.17/vite/deps/chunk-LGRTSC5P.js?v=ca18ca99:302
[   70186ms] [WARNING] THREE.THREE.Clock: This module has been deprecated. Please use THREE.Timer instead. @ http://localhost:4200/@fs/home/ubuntu/Desktop/torugart-3d/.angular/cache/17.3.17/vite/deps/chunk-LGRTSC5P.js?v=ca18ca99:302
[   70231ms] [WARNING] THREE.WebGLShadowMap: PCFSoftShadowMap has been deprecated. Using PCFShadowMap instead. @ http://localhost:4200/@fs/home/ubuntu/Desktop/torugart-3d/.angular/cache/17.3.17/vite/deps/chunk-LGRTSC5P.js?v=ca18ca99:302
[   83864ms] [WARNING] THREE.THREE.Clock: This module has been deprecated. Please use THREE.Timer instead. @ http://localhost:4200/@fs/home/ubuntu/Desktop/torugart-3d/.angular/cache/17.3.17/vite/deps/chunk-LGRTSC5P.js?v=ca18ca99:302
[   83909ms] [WARNING] THREE.WebGLShadowMap: PCFSoftShadowMap has been deprecated. Using PCFShadowMap instead. @ http://localhost:4200/@fs/home/ubuntu/Desktop/torugart-3d/.angular/cache/17.3.17/vite/deps/chunk-LGRTSC5P.js?v=ca18ca99:302
[  531046ms] [WARNING] THREE.THREE.Clock: This module has been deprecated. Please use THREE.Timer instead. @ http://localhost:4200/@fs/home/ubuntu/Desktop/torugart-3d/.angular/cache/17.3.17/vite/deps/chunk-LGRTSC5P.js?v=ca18ca99:302
[  531096ms] [WARNING] THREE.WebGLShadowMap: PCFSoftShadowMap has been deprecated. Using PCFShadowMap instead. @ http://localhost:4200/@fs/home/ubuntu/Desktop/torugart-3d/.angular/cache/17.3.17/vite/deps/chunk-LGRTSC5P.js?v=ca18ca99:302
[  545858ms] [WARNING] THREE.THREE.Clock: This module has been deprecated. Please use THREE.Timer instead. @ http://localhost:4200/@fs/home/ubuntu/Desktop/torugart-3d/.angular/cache/17.3.17/vite/deps/chunk-LGRTSC5P.js?v=ca18ca99:302
[  545896ms] [WARNING] THREE.WebGLShadowMap: PCFSoftShadowMap has been deprecated. Using PCFShadowMap instead. @ http://localhost:4200/@fs/home/ubuntu/Desktop/torugart-3d/.angular/cache/17.3.17/vite/deps/chunk-LGRTSC5P.js?v=ca18ca99:302
[  560574ms] [WARNING] THREE.THREE.Clock: This module has been deprecated. Please use THREE.Timer instead. @ http://localhost:4200/@fs/home/ubuntu/Desktop/torugart-3d/.angular/cache/17.3.17/vite/deps/chunk-LGRTSC5P.js?v=ca18ca99:302
[  590556ms] [WARNING] THREE.WebGLShadowMap: PCFSoftShadowMap has been deprecated. Using PCFShadowMap instead. @ http://localhost:4200/@fs/home/ubuntu/Desktop/torugart-3d/.angular/cache/17.3.17/vite/deps/chunk-LGRTSC5P.js?v=ca18ca99:302
[ 1013264ms] [WARNING] THREE.THREE.Clock: This module has been deprecated. Please use THREE.Timer instead. @ http://localhost:4200/@fs/home/ubuntu/Desktop/torugart-3d/.angular/cache/17.3.17/vite/deps/chunk-LGRTSC5P.js?v=ca18ca99:302
[ 1013314ms] [WARNING] THREE.WebGLShadowMap: PCFSoftShadowMap has been deprecated. Using PCFShadowMap instead. @ http://localhost:4200/@fs/home/ubuntu/Desktop/torugart-3d/.angular/cache/17.3.17/vite/deps/chunk-LGRTSC5P.js?v=ca18ca99:302
[ 1033250ms] [WARNING] THREE.THREE.Clock: This module has been deprecated. Please use THREE.Timer instead. @ http://localhost:4200/@fs/home/ubuntu/Desktop/torugart-3d/.angular/cache/17.3.17/vite/deps/chunk-LGRTSC5P.js?v=ca18ca99:302
[ 1033289ms] [WARNING] THREE.WebGLShadowMap: PCFSoftShadowMap has been deprecated. Using PCFShadowMap instead. @ http://localhost:4200/@fs/home/ubuntu/Desktop/torugart-3d/.angular/cache/17.3.17/vite/deps/chunk-LGRTSC5P.js?v=ca18ca99:302
[ 1044363ms] [WARNING] THREE.THREE.Clock: This module has been deprecated. Please use THREE.Timer instead. @ http://localhost:4200/@fs/home/ubuntu/Desktop/torugart-3d/.angular/cache/17.3.17/vite/deps/chunk-LGRTSC5P.js?v=ca18ca99:302
[ 1044413ms] [WARNING] THREE.WebGLShadowMap: PCFSoftShadowMap has been deprecated. Using PCFShadowMap instead. @ http://localhost:4200/@fs/home/ubuntu/Desktop/torugart-3d/.angular/cache/17.3.17/vite/deps/chunk-LGRTSC5P.js?v=ca18ca99:302
[ 1055691ms] [WARNING] THREE.THREE.Clock: This module has been deprecated. Please use THREE.Timer instead. @ http://localhost:4200/@fs/home/ubuntu/Desktop/torugart-3d/.angular/cache/17.3.17/vite/deps/chunk-LGRTSC5P.js?v=ca18ca99:302
[ 1055750ms] [WARNING] THREE.WebGLShadowMap: PCFSoftShadowMap has been deprecated. Using PCFShadowMap instead. @ http://localhost:4200/@fs/home/ubuntu/Desktop/torugart-3d/.angular/cache/17.3.17/vite/deps/chunk-LGRTSC5P.js?v=ca18ca99:302
[ 1154786ms] [WARNING] THREE.THREE.Clock: This module has been deprecated. Please use THREE.Timer instead. @ http://localhost:4200/@fs/home/ubuntu/Desktop/torugart-3d/.angular/cache/17.3.17/vite/deps/chunk-LGRTSC5P.js?v=ca18ca99:302
[ 1154836ms] [WARNING] THREE.WebGLShadowMap: PCFSoftShadowMap has been deprecated. Using PCFShadowMap instead. @ http://localhost:4200/@fs/home/ubuntu/Desktop/torugart-3d/.angular/cache/17.3.17/vite/deps/chunk-LGRTSC5P.js?v=ca18ca99:302
[ 1179451ms] [WARNING] THREE.THREE.Clock: This module has been deprecated. Please use THREE.Timer instead. @ http://localhost:4200/@fs/home/ubuntu/Desktop/torugart-3d/.angular/cache/17.3.17/vite/deps/chunk-LGRTSC5P.js?v=ca18ca99:302
[ 1179489ms] [WARNING] THREE.WebGLShadowMap: PCFSoftShadowMap has been deprecated. Using PCFShadowMap instead. @ http://localhost:4200/@fs/home/ubuntu/Desktop/torugart-3d/.angular/cache/17.3.17/vite/deps/chunk-LGRTSC5P.js?v=ca18ca99:302
[ 1682983ms] [WARNING] THREE.THREE.Clock: This module has been deprecated. Please use THREE.Timer instead. @ http://localhost:4200/@fs/home/ubuntu/Desktop/torugart-3d/.angular/cache/17.3.17/vite/deps/chunk-LGRTSC5P.js?v=ca18ca99:302
[ 1683028ms] [WARNING] THREE.WebGLShadowMap: PCFSoftShadowMap has been deprecated. Using PCFShadowMap instead. @ http://localhost:4200/@fs/home/ubuntu/Desktop/torugart-3d/.angular/cache/17.3.17/vite/deps/chunk-LGRTSC5P.js?v=ca18ca99:302
[ 1692865ms] [WARNING] THREE.THREE.Clock: This module has been deprecated. Please use THREE.Timer instead. @ http://localhost:4200/@fs/home/ubuntu/Desktop/torugart-3d/.angular/cache/17.3.17/vite/deps/chunk-LGRTSC5P.js?v=ca18ca99:302
[ 1692902ms] [WARNING] THREE.WebGLShadowMap: PCFSoftShadowMap has been deprecated. Using PCFShadowMap instead. @ http://localhost:4200/@fs/home/ubuntu/Desktop/torugart-3d/.angular/cache/17.3.17/vite/deps/chunk-LGRTSC5P.js?v=ca18ca99:302
[ 1704714ms] [WARNING] THREE.THREE.Clock: This module has been deprecated. Please use THREE.Timer instead. @ http://localhost:4200/@fs/home/ubuntu/Desktop/torugart-3d/.angular/cache/17.3.17/vite/deps/chunk-LGRTSC5P.js?v=ca18ca99:302
[ 1704767ms] [WARNING] THREE.WebGLShadowMap: PCFSoftShadowMap has been deprecated. Using PCFShadowMap instead. @ http://localhost:4200/@fs/home/ubuntu/Desktop/torugart-3d/.angular/cache/17.3.17/vite/deps/chunk-LGRTSC5P.js?v=ca18ca99:302
[ 1784045ms] [WARNING] THREE.THREE.Clock: This module has been deprecated. Please use THREE.Timer instead. @ http://localhost:4200/@fs/home/ubuntu/Desktop/torugart-3d/.angular/cache/17.3.17/vite/deps/chunk-LGRTSC5P.js?v=ca18ca99:302
[ 1784100ms] [WARNING] THREE.WebGLShadowMap: PCFSoftShadowMap has been deprecated. Using PCFShadowMap instead. @ http://localhost:4200/@fs/home/ubuntu/Desktop/torugart-3d/.angular/cache/17.3.17/vite/deps/chunk-LGRTSC5P.js?v=ca18ca99:302
[ 1795321ms] [WARNING] THREE.THREE.Clock: This module has been deprecated. Please use THREE.Timer instead. @ http://localhost:4200/@fs/home/ubuntu/Desktop/torugart-3d/.angular/cache/17.3.17/vite/deps/chunk-LGRTSC5P.js?v=ca18ca99:302
[ 1795376ms] [WARNING] THREE.WebGLShadowMap: PCFSoftShadowMap has been deprecated. Using PCFShadowMap instead. @ http://localhost:4200/@fs/home/ubuntu/Desktop/torugart-3d/.angular/cache/17.3.17/vite/deps/chunk-LGRTSC5P.js?v=ca18ca99:302
[ 1806246ms] [WARNING] THREE.THREE.Clock: This module has been deprecated. Please use THREE.Timer instead. @ http://localhost:4200/@fs/home/ubuntu/Desktop/torugart-3d/.angular/cache/17.3.17/vite/deps/chunk-LGRTSC5P.js?v=ca18ca99:302
[ 1806281ms] [WARNING] THREE.WebGLShadowMap: PCFSoftShadowMap has been deprecated. Using PCFShadowMap instead. @ http://localhost:4200/@fs/home/ubuntu/Desktop/torugart-3d/.angular/cache/17.3.17/vite/deps/chunk-LGRTSC5P.js?v=ca18ca99:302
[ 1815127ms] [WARNING] THREE.THREE.Clock: This module has been deprecated. Please use THREE.Timer instead. @ http://localhost:4200/@fs/home/ubuntu/Desktop/torugart-3d/.angular/cache/17.3.17/vite/deps/chunk-LGRTSC5P.js?v=ca18ca99:302
[ 1815167ms] [WARNING] THREE.WebGLShadowMap: PCFSoftShadowMap has been deprecated. Using PCFShadowMap instead. @ http://localhost:4200/@fs/home/ubuntu/Desktop/torugart-3d/.angular/cache/17.3.17/vite/deps/chunk-LGRTSC5P.js?v=ca18ca99:302
[ 1846629ms] [WARNING] THREE.THREE.Clock: This module has been deprecated. Please use THREE.Timer instead. @ http://localhost:4200/@fs/home/ubuntu/Desktop/torugart-3d/.angular/cache/17.3.17/vite/deps/chunk-LGRTSC5P.js?v=ca18ca99:302
[ 1846671ms] [WARNING] THREE.WebGLShadowMap: PCFSoftShadowMap has been deprecated. Using PCFShadowMap instead. @ http://localhost:4200/@fs/home/ubuntu/Desktop/torugart-3d/.angular/cache/17.3.17/vite/deps/chunk-LGRTSC5P.js?v=ca18ca99:302
[ 1856958ms] [WARNING] THREE.THREE.Clock: This module has been deprecated. Please use THREE.Timer instead. @ http://localhost:4200/@fs/home/ubuntu/Desktop/torugart-3d/.angular/cache/17.3.17/vite/deps/chunk-LGRTSC5P.js?v=ca18ca99:302
[ 1857012ms] [WARNING] THREE.WebGLShadowMap: PCFSoftShadowMap has been deprecated. Using PCFShadowMap instead. @ http://localhost:4200/@fs/home/ubuntu/Desktop/torugart-3d/.angular/cache/17.3.17/vite/deps/chunk-LGRTSC5P.js?v=ca18ca99:302
[ 1866518ms] [WARNING] THREE.THREE.Clock: This module has been deprecated. Please use THREE.Timer instead. @ http://localhost:4200/@fs/home/ubuntu/Desktop/torugart-3d/.angular/cache/17.3.17/vite/deps/chunk-LGRTSC5P.js?v=ca18ca99:302
[ 1866565ms] [WARNING] THREE.WebGLShadowMap: PCFSoftShadowMap has been deprecated. Using PCFShadowMap instead. @ http://localhost:4200/@fs/home/ubuntu/Desktop/torugart-3d/.angular/cache/17.3.17/vite/deps/chunk-LGRTSC5P.js?v=ca18ca99:302
[ 1897163ms] [WARNING] THREE.THREE.Clock: This module has been deprecated. Please use THREE.Timer instead. @ http://localhost:4200/@fs/home/ubuntu/Desktop/torugart-3d/.angular/cache/17.3.17/vite/deps/chunk-LGRTSC5P.js?v=ca18ca99:302
[ 1897198ms] [WARNING] THREE.WebGLShadowMap: PCFSoftShadowMap has been deprecated. Using PCFShadowMap instead. @ http://localhost:4200/@fs/home/ubuntu/Desktop/torugart-3d/.angular/cache/17.3.17/vite/deps/chunk-LGRTSC5P.js?v=ca18ca99:302
[ 1931900ms] [WARNING] THREE.THREE.Clock: This module has been deprecated. Please use THREE.Timer instead. @ http://localhost:4200/@fs/home/ubuntu/Desktop/torugart-3d/.angular/cache/17.3.17/vite/deps/chunk-LGRTSC5P.js?v=ca18ca99:302
[ 1931938ms] [WARNING] THREE.WebGLShadowMap: PCFSoftShadowMap has been deprecated. Using PCFShadowMap instead. @ http://localhost:4200/@fs/home/ubuntu/Desktop/torugart-3d/.angular/cache/17.3.17/vite/deps/chunk-LGRTSC5P.js?v=ca18ca99:302
[ 1941640ms] [WARNING] THREE.THREE.Clock: This module has been deprecated. Please use THREE.Timer instead. @ http://localhost:4200/@fs/home/ubuntu/Desktop/torugart-3d/.angular/cache/17.3.17/vite/deps/chunk-LGRTSC5P.js?v=ca18ca99:302
[ 1941682ms] [WARNING] THREE.WebGLShadowMap: PCFSoftShadowMap has been deprecated. Using PCFShadowMap instead. @ http://localhost:4200/@fs/home/ubuntu/Desktop/torugart-3d/.angular/cache/17.3.17/vite/deps/chunk-LGRTSC5P.js?v=ca18ca99:302
[ 1953104ms] [WARNING] THREE.THREE.Clock: This module has been deprecated. Please use THREE.Timer instead. @ http://localhost:4200/@fs/home/ubuntu/Desktop/torugart-3d/.angular/cache/17.3.17/vite/deps/chunk-LGRTSC5P.js?v=ca18ca99:302
[ 1953161ms] [WARNING] THREE.WebGLShadowMap: PCFSoftShadowMap has been deprecated. Using PCFShadowMap instead. @ http://localhost:4200/@fs/home/ubuntu/Desktop/torugart-3d/.angular/cache/17.3.17/vite/deps/chunk-LGRTSC5P.js?v=ca18ca99:302
[ 2089911ms] [WARNING] THREE.THREE.Clock: This module has been deprecated. Please use THREE.Timer instead. @ http://localhost:4200/@fs/home/ubuntu/Desktop/torugart-3d/.angular/cache/17.3.17/vite/deps/chunk-LGRTSC5P.js?v=ca18ca99:302
[ 2089971ms] [WARNING] THREE.WebGLShadowMap: PCFSoftShadowMap has been deprecated. Using PCFShadowMap instead. @ http://localhost:4200/@fs/home/ubuntu/Desktop/torugart-3d/.angular/cache/17.3.17/vite/deps/chunk-LGRTSC5P.js?v=ca18ca99:302
[ 2096228ms] [WARNING] THREE.THREE.Clock: This module has been deprecated. Please use THREE.Timer instead. @ http://localhost:4200/@fs/home/ubuntu/Desktop/torugart-3d/.angular/cache/17.3.17/vite/deps/chunk-LGRTSC5P.js?v=ca18ca99:302
[ 2096270ms] [WARNING] THREE.WebGLShadowMap: PCFSoftShadowMap has been deprecated. Using PCFShadowMap instead. @ http://localhost:4200/@fs/home/ubuntu/Desktop/torugart-3d/.angular/cache/17.3.17/vite/deps/chunk-LGRTSC5P.js?v=ca18ca99:302
[ 2101130ms] [WARNING] THREE.THREE.Clock: This module has been deprecated. Please use THREE.Timer instead. @ http://localhost:4200/@fs/home/ubuntu/Desktop/torugart-3d/.angular/cache/17.3.17/vite/deps/chunk-LGRTSC5P.js?v=ca18ca99:302
[ 2101169ms] [WARNING] THREE.WebGLShadowMap: PCFSoftShadowMap has been deprecated. Using PCFShadowMap instead. @ http://localhost:4200/@fs/home/ubuntu/Desktop/torugart-3d/.angular/cache/17.3.17/vite/deps/chunk-LGRTSC5P.js?v=ca18ca99:302
[ 2105632ms] [WARNING] THREE.THREE.Clock: This module has been deprecated. Please use THREE.Timer instead. @ http://localhost:4200/@fs/home/ubuntu/Desktop/torugart-3d/.angular/cache/17.3.17/vite/deps/chunk-LGRTSC5P.js?v=ca18ca99:302
[ 2105670ms] [WARNING] THREE.WebGLShadowMap: PCFSoftShadowMap has been deprecated. Using PCFShadowMap instead. @ http://localhost:4200/@fs/home/ubuntu/Desktop/torugart-3d/.angular/cache/17.3.17/vite/deps/chunk-LGRTSC5P.js?v=ca18ca99:302
[ 2108087ms] [WARNING] THREE.THREE.Clock: This module has been deprecated. Please use THREE.Timer instead. @ http://localhost:4200/@fs/home/ubuntu/Desktop/torugart-3d/.angular/cache/17.3.17/vite/deps/chunk-LGRTSC5P.js?v=ca18ca99:302
[ 2108135ms] [WARNING] THREE.WebGLShadowMap: PCFSoftShadowMap has been deprecated. Using PCFShadowMap instead. @ http://localhost:4200/@fs/home/ubuntu/Desktop/torugart-3d/.angular/cache/17.3.17/vite/deps/chunk-LGRTSC5P.js?v=ca18ca99:302
[ 2110710ms] [WARNING] THREE.THREE.Clock: This module has been deprecated. Please use THREE.Timer instead. @ http://localhost:4200/@fs/home/ubuntu/Desktop/torugart-3d/.angular/cache/17.3.17/vite/deps/chunk-LGRTSC5P.js?v=ca18ca99:302
[ 2110749ms] [WARNING] THREE.WebGLShadowMap: PCFSoftShadowMap has been deprecated. Using PCFShadowMap instead. @ http://localhost:4200/@fs/home/ubuntu/Desktop/torugart-3d/.angular/cache/17.3.17/vite/deps/chunk-LGRTSC5P.js?v=ca18ca99:302
[ 2112321ms] [WARNING] THREE.THREE.Clock: This module has been deprecated. Please use THREE.Timer instead. @ http://localhost:4200/@fs/home/ubuntu/Desktop/torugart-3d/.angular/cache/17.3.17/vite/deps/chunk-LGRTSC5P.js?v=ca18ca99:302
[ 2112354ms] [WARNING] THREE.WebGLShadowMap: PCFSoftShadowMap has been deprecated. Using PCFShadowMap instead. @ http://localhost:4200/@fs/home/ubuntu/Desktop/torugart-3d/.angular/cache/17.3.17/vite/deps/chunk-LGRTSC5P.js?v=ca18ca99:302
[ 2116112ms] [WARNING] THREE.THREE.Clock: This module has been deprecated. Please use THREE.Timer instead. @ http://localhost:4200/@fs/home/ubuntu/Desktop/torugart-3d/.angular/cache/17.3.17/vite/deps/chunk-LGRTSC5P.js?v=ca18ca99:302
[ 2116148ms] [WARNING] THREE.WebGLShadowMap: PCFSoftShadowMap has been deprecated. Using PCFShadowMap instead. @ http://localhost:4200/@fs/home/ubuntu/Desktop/torugart-3d/.angular/cache/17.3.17/vite/deps/chunk-LGRTSC5P.js?v=ca18ca99:302
[ 2326299ms] [WARNING] THREE.THREE.Clock: This module has been deprecated. Please use THREE.Timer instead. @ http://localhost:4200/@fs/home/ubuntu/Desktop/torugart-3d/.angular/cache/17.3.17/vite/deps/chunk-LGRTSC5P.js?v=ca18ca99:302
[ 2326342ms] [WARNING] THREE.WebGLShadowMap: PCFSoftShadowMap has been deprecated. Using PCFShadowMap instead. @ http://localhost:4200/@fs/home/ubuntu/Desktop/torugart-3d/.angular/cache/17.3.17/vite/deps/chunk-LGRTSC5P.js?v=ca18ca99:302
[ 2335900ms] [WARNING] THREE.THREE.Clock: This module has been deprecated. Please use THREE.Timer instead. @ http://localhost:4200/@fs/home/ubuntu/Desktop/torugart-3d/.angular/cache/17.3.17/vite/deps/chunk-LGRTSC5P.js?v=ca18ca99:302
[ 2335945ms] [WARNING] THREE.WebGLShadowMap: PCFSoftShadowMap has been deprecated. Using PCFShadowMap instead. @ http://localhost:4200/@fs/home/ubuntu/Desktop/torugart-3d/.angular/cache/17.3.17/vite/deps/chunk-LGRTSC5P.js?v=ca18ca99:302
[ 2356073ms] [WARNING] THREE.THREE.Clock: This module has been deprecated. Please use THREE.Timer instead. @ http://localhost:4200/@fs/home/ubuntu/Desktop/torugart-3d/.angular/cache/17.3.17/vite/deps/chunk-LGRTSC5P.js?v=ca18ca99:302
[ 2356129ms] [WARNING] THREE.WebGLShadowMap: PCFSoftShadowMap has been deprecated. Using PCFShadowMap instead. @ http://localhost:4200/@fs/home/ubuntu/Desktop/torugart-3d/.angular/cache/17.3.17/vite/deps/chunk-LGRTSC5P.js?v=ca18ca99:302
[ 2377540ms] [WARNING] THREE.THREE.Clock: This module has been deprecated. Please use THREE.Timer instead. @ http://localhost:4200/@fs/home/ubuntu/Desktop/torugart-3d/.angular/cache/17.3.17/vite/deps/chunk-LGRTSC5P.js?v=ca18ca99:302
[ 2377580ms] [WARNING] THREE.WebGLShadowMap: PCFSoftShadowMap has been deprecated. Using PCFShadowMap instead. @ http://localhost:4200/@fs/home/ubuntu/Desktop/torugart-3d/.angular/cache/17.3.17/vite/deps/chunk-LGRTSC5P.js?v=ca18ca99:302
[ 2476480ms] [WARNING] THREE.THREE.Clock: This module has been deprecated. Please use THREE.Timer instead. @ http://localhost:4200/@fs/home/ubuntu/Desktop/torugart-3d/.angular/cache/17.3.17/vite/deps/chunk-LGRTSC5P.js?v=ca18ca99:302
[ 2476525ms] [WARNING] THREE.WebGLShadowMap: PCFSoftShadowMap has been deprecated. Using PCFShadowMap instead. @ http://localhost:4200/@fs/home/ubuntu/Desktop/torugart-3d/.angular/cache/17.3.17/vite/deps/chunk-LGRTSC5P.js?v=ca18ca99:302
[ 2511234ms] [WARNING] THREE.THREE.Clock: This module has been deprecated. Please use THREE.Timer instead. @ http://localhost:4200/@fs/home/ubuntu/Desktop/torugart-3d/.angular/cache/17.3.17/vite/deps/chunk-LGRTSC5P.js?v=ca18ca99:302
[ 2511278ms] [WARNING] THREE.WebGLShadowMap: PCFSoftShadowMap has been deprecated. Using PCFShadowMap instead. @ http://localhost:4200/@fs/home/ubuntu/Desktop/torugart-3d/.angular/cache/17.3.17/vite/deps/chunk-LGRTSC5P.js?v=ca18ca99:302
[ 2522054ms] [WARNING] THREE.THREE.Clock: This module has been deprecated. Please use THREE.Timer instead. @ http://localhost:4200/@fs/home/ubuntu/Desktop/torugart-3d/.angular/cache/17.3.17/vite/deps/chunk-LGRTSC5P.js?v=ca18ca99:302
[ 2522107ms] [WARNING] THREE.WebGLShadowMap: PCFSoftShadowMap has been deprecated. Using PCFShadowMap instead. @ http://localhost:4200/@fs/home/ubuntu/Desktop/torugart-3d/.angular/cache/17.3.17/vite/deps/chunk-LGRTSC5P.js?v=ca18ca99:302
[ 2641235ms] [WARNING] THREE.THREE.Clock: This module has been deprecated. Please use THREE.Timer instead. @ http://localhost:4200/@fs/home/ubuntu/Desktop/torugart-3d/.angular/cache/17.3.17/vite/deps/chunk-LGRTSC5P.js?v=ca18ca99:302
[ 2641278ms] [WARNING] THREE.WebGLShadowMap: PCFSoftShadowMap has been deprecated. Using PCFShadowMap instead. @ http://localhost:4200/@fs/home/ubuntu/Desktop/torugart-3d/.angular/cache/17.3.17/vite/deps/chunk-LGRTSC5P.js?v=ca18ca99:302
[ 2668414ms] [WARNING] THREE.THREE.Clock: This module has been deprecated. Please use THREE.Timer instead. @ http://localhost:4200/@fs/home/ubuntu/Desktop/torugart-3d/.angular/cache/17.3.17/vite/deps/chunk-LGRTSC5P.js?v=ca18ca99:302
[ 2668456ms] [WARNING] THREE.WebGLShadowMap: PCFSoftShadowMap has been deprecated. Using PCFShadowMap instead. @ http://localhost:4200/@fs/home/ubuntu/Desktop/torugart-3d/.angular/cache/17.3.17/vite/deps/chunk-LGRTSC5P.js?v=ca18ca99:302
[ 2686574ms] [WARNING] THREE.THREE.Clock: This module has been deprecated. Please use THREE.Timer instead. @ http://localhost:4200/@fs/home/ubuntu/Desktop/torugart-3d/.angular/cache/17.3.17/vite/deps/chunk-LGRTSC5P.js?v=ca18ca99:302
[ 2716557ms] [WARNING] THREE.WebGLShadowMap: PCFSoftShadowMap has been deprecated. Using PCFShadowMap instead. @ http://localhost:4200/@fs/home/ubuntu/Desktop/torugart-3d/.angular/cache/17.3.17/vite/deps/chunk-LGRTSC5P.js?v=ca18ca99:302
[ 2745587ms] [WARNING] THREE.THREE.Clock: This module has been deprecated. Please use THREE.Timer instead. @ http://localhost:4200/@fs/home/ubuntu/Desktop/torugart-3d/.angular/cache/17.3.17/vite/deps/chunk-LGRTSC5P.js?v=ca18ca99:302
[ 2783555ms] [WARNING] THREE.WebGLShadowMap: PCFSoftShadowMap has been deprecated. Using PCFShadowMap instead. @ http://localhost:4200/@fs/home/ubuntu/Desktop/torugart-3d/.angular/cache/17.3.17/vite/deps/chunk-LGRTSC5P.js?v=ca18ca99:302
[ 3139359ms] [WARNING] THREE.THREE.Clock: This module has been deprecated. Please use THREE.Timer instead. @ http://localhost:4200/@fs/home/ubuntu/Desktop/torugart-3d/.angular/cache/17.3.17/vite/deps/chunk-LGRTSC5P.js?v=ca18ca99:302
[ 3139408ms] [WARNING] THREE.WebGLShadowMap: PCFSoftShadowMap has been deprecated. Using PCFShadowMap instead. @ http://localhost:4200/@fs/home/ubuntu/Desktop/torugart-3d/.angular/cache/17.3.17/vite/deps/chunk-LGRTSC5P.js?v=ca18ca99:302
[ 3202789ms] [WARNING] THREE.THREE.Clock: This module has been deprecated. Please use THREE.Timer instead. @ http://localhost:4200/@fs/home/ubuntu/Desktop/torugart-3d/.angular/cache/17.3.17/vite/deps/chunk-LGRTSC5P.js?v=ca18ca99:302
[ 3202827ms] [WARNING] THREE.WebGLShadowMap: PCFSoftShadowMap has been deprecated. Using PCFShadowMap instead. @ http://localhost:4200/@fs/home/ubuntu/Desktop/torugart-3d/.angular/cache/17.3.17/vite/deps/chunk-LGRTSC5P.js?v=ca18ca99:302
[ 3272779ms] [WARNING] THREE.THREE.Clock: This module has been deprecated. Please use THREE.Timer instead. @ http://localhost:4200/@fs/home/ubuntu/Desktop/torugart-3d/.angular/cache/17.3.17/vite/deps/chunk-LGRTSC5P.js?v=ca18ca99:302
[ 3272836ms] [WARNING] THREE.WebGLShadowMap: PCFSoftShadowMap has been deprecated. Using PCFShadowMap instead. @ http://localhost:4200/@fs/home/ubuntu/Desktop/torugart-3d/.angular/cache/17.3.17/vite/deps/chunk-LGRTSC5P.js?v=ca18ca99:302
[ 3283409ms] [WARNING] THREE.THREE.Clock: This module has been deprecated. Please use THREE.Timer instead. @ http://localhost:4200/@fs/home/ubuntu/Desktop/torugart-3d/.angular/cache/17.3.17/vite/deps/chunk-LGRTSC5P.js?v=ca18ca99:302
[ 3283453ms] [WARNING] THREE.WebGLShadowMap: PCFSoftShadowMap has been deprecated. Using PCFShadowMap instead. @ http://localhost:4200/@fs/home/ubuntu/Desktop/torugart-3d/.angular/cache/17.3.17/vite/deps/chunk-LGRTSC5P.js?v=ca18ca99:302
[ 3354392ms] [WARNING] THREE.THREE.Clock: This module has been deprecated. Please use THREE.Timer instead. @ http://localhost:4200/@fs/home/ubuntu/Desktop/torugart-3d/.angular/cache/17.3.17/vite/deps/chunk-LGRTSC5P.js?v=ca18ca99:302
[ 3354446ms] [WARNING] THREE.WebGLShadowMap: PCFSoftShadowMap has been deprecated. Using PCFShadowMap instead. @ http://localhost:4200/@fs/home/ubuntu/Desktop/torugart-3d/.angular/cache/17.3.17/vite/deps/chunk-LGRTSC5P.js?v=ca18ca99:302
[ 3370575ms] [WARNING] THREE.THREE.Clock: This module has been deprecated. Please use THREE.Timer instead. @ http://localhost:4200/@fs/home/ubuntu/Desktop/torugart-3d/.angular/cache/17.3.17/vite/deps/chunk-LGRTSC5P.js?v=ca18ca99:302
[ 3404555ms] [WARNING] THREE.WebGLShadowMap: PCFSoftShadowMap has been deprecated. Using PCFShadowMap instead. @ http://localhost:4200/@fs/home/ubuntu/Desktop/torugart-3d/.angular/cache/17.3.17/vite/deps/chunk-LGRTSC5P.js?v=ca18ca99:302
[ 3434591ms] [WARNING] THREE.THREE.Clock: This module has been deprecated. Please use THREE.Timer instead. @ http://localhost:4200/@fs/home/ubuntu/Desktop/torugart-3d/.angular/cache/17.3.17/vite/deps/chunk-LGRTSC5P.js?v=ca18ca99:302
[ 3464571ms] [WARNING] THREE.WebGLShadowMap: PCFSoftShadowMap has been deprecated. Using PCFShadowMap instead. @ http://localhost:4200/@fs/home/ubuntu/Desktop/torugart-3d/.angular/cache/17.3.17/vite/deps/chunk-LGRTSC5P.js?v=ca18ca99:302
[ 4407004ms] [WARNING] THREE.THREE.Clock: This module has been deprecated. Please use THREE.Timer instead. @ http://localhost:4200/@fs/home/ubuntu/Desktop/torugart-3d/.angular/cache/17.3.17/vite/deps/chunk-LGRTSC5P.js?v=ca18ca99:302
[ 4407055ms] [WARNING] THREE.WebGLShadowMap: PCFSoftShadowMap has been deprecated. Using PCFShadowMap instead. @ http://localhost:4200/@fs/home/ubuntu/Desktop/torugart-3d/.angular/cache/17.3.17/vite/deps/chunk-LGRTSC5P.js?v=ca18ca99:302
[ 4423217ms] [WARNING] THREE.THREE.Clock: This module has been deprecated. Please use THREE.Timer instead. @ http://localhost:4200/@fs/home/ubuntu/Desktop/torugart-3d/.angular/cache/17.3.17/vite/deps/chunk-LGRTSC5P.js?v=ca18ca99:302
[ 4423254ms] [WARNING] THREE.WebGLShadowMap: PCFSoftShadowMap has been deprecated. Using PCFShadowMap instead. @ http://localhost:4200/@fs/home/ubuntu/Desktop/torugart-3d/.angular/cache/17.3.17/vite/deps/chunk-LGRTSC5P.js?v=ca18ca99:302
[ 4806888ms] [WARNING] THREE.THREE.Clock: This module has been deprecated. Please use THREE.Timer instead. @ http://localhost:4200/@fs/home/ubuntu/Desktop/torugart-3d/.angular/cache/17.3.17/vite/deps/chunk-LGRTSC5P.js?v=ca18ca99:302
[ 4806937ms] [WARNING] THREE.WebGLShadowMap: PCFSoftShadowMap has been deprecated. Using PCFShadowMap instead. @ http://localhost:4200/@fs/home/ubuntu/Desktop/torugart-3d/.angular/cache/17.3.17/vite/deps/chunk-LGRTSC5P.js?v=ca18ca99:302
[ 4924890ms] [WARNING] THREE.THREE.Clock: This module has been deprecated. Please use THREE.Timer instead. @ http://localhost:4200/@fs/home/ubuntu/Desktop/torugart-3d/.angular/cache/17.3.17/vite/deps/chunk-LGRTSC5P.js?v=ca18ca99:302
[ 4924935ms] [WARNING] THREE.WebGLShadowMap: PCFSoftShadowMap has been deprecated. Using PCFShadowMap instead. @ http://localhost:4200/@fs/home/ubuntu/Desktop/torugart-3d/.angular/cache/17.3.17/vite/deps/chunk-LGRTSC5P.js?v=ca18ca99:302
[ 5094592ms] [WARNING] THREE.THREE.Clock: This module has been deprecated. Please use THREE.Timer instead. @ http://localhost:4200/@fs/home/ubuntu/Desktop/torugart-3d/.angular/cache/17.3.17/vite/deps/chunk-LGRTSC5P.js?v=ca18ca99:302
[ 5094635ms] [WARNING] THREE.WebGLShadowMap: PCFSoftShadowMap has been deprecated. Using PCFShadowMap instead. @ http://localhost:4200/@fs/home/ubuntu/Desktop/torugart-3d/.angular/cache/17.3.17/vite/deps/chunk-LGRTSC5P.js?v=ca18ca99:302
[ 5326086ms] [WARNING] THREE.THREE.Clock: This module has been deprecated. Please use THREE.Timer instead. @ http://localhost:4200/@fs/home/ubuntu/Desktop/torugart-3d/.angular/cache/17.3.17/vite/deps/chunk-LGRTSC5P.js?v=ca18ca99:302
[ 5326137ms] [WARNING] THREE.WebGLShadowMap: PCFSoftShadowMap has been deprecated. Using PCFShadowMap instead. @ http://localhost:4200/@fs/home/ubuntu/Desktop/torugart-3d/.angular/cache/17.3.17/vite/deps/chunk-LGRTSC5P.js?v=ca18ca99:302
[ 5605441ms] [WARNING] THREE.THREE.Clock: This module has been deprecated. Please use THREE.Timer instead. @ http://localhost:4200/@fs/home/ubuntu/Desktop/torugart-3d/.angular/cache/17.3.17/vite/deps/chunk-LGRTSC5P.js?v=ca18ca99:302
[ 5605483ms] [WARNING] THREE.WebGLShadowMap: PCFSoftShadowMap has been deprecated. Using PCFShadowMap instead. @ http://localhost:4200/@fs/home/ubuntu/Desktop/torugart-3d/.angular/cache/17.3.17/vite/deps/chunk-LGRTSC5P.js?v=ca18ca99:302
[ 5608624ms] [WARNING] THREE.THREE.Clock: This module has been deprecated. Please use THREE.Timer instead. @ http://localhost:4200/@fs/home/ubuntu/Desktop/torugart-3d/.angular/cache/17.3.17/vite/deps/chunk-LGRTSC5P.js?v=ca18ca99:302
[ 5608662ms] [WARNING] THREE.WebGLShadowMap: PCFSoftShadowMap has been deprecated. Using PCFShadowMap instead. @ http://localhost:4200/@fs/home/ubuntu/Desktop/torugart-3d/.angular/cache/17.3.17/vite/deps/chunk-LGRTSC5P.js?v=ca18ca99:302
[ 5698438ms] [WARNING] THREE.THREE.Clock: This module has been deprecated. Please use THREE.Timer instead. @ http://localhost:4200/@fs/home/ubuntu/Desktop/torugart-3d/.angular/cache/17.3.17/vite/deps/chunk-LGRTSC5P.js?v=ca18ca99:302
[ 5698486ms] [WARNING] THREE.WebGLShadowMap: PCFSoftShadowMap has been deprecated. Using PCFShadowMap instead. @ http://localhost:4200/@fs/home/ubuntu/Desktop/torugart-3d/.angular/cache/17.3.17/vite/deps/chunk-LGRTSC5P.js?v=ca18ca99:302
[ 6624515ms] [WARNING] THREE.THREE.Clock: This module has been deprecated. Please use THREE.Timer instead. @ http://localhost:4200/@fs/home/ubuntu/Desktop/torugart-3d/.angular/cache/17.3.17/vite/deps/chunk-LGRTSC5P.js?v=ca18ca99:302
[ 6624574ms] [WARNING] THREE.WebGLShadowMap: PCFSoftShadowMap has been deprecated. Using PCFShadowMap instead. @ http://localhost:4200/@fs/home/ubuntu/Desktop/torugart-3d/.angular/cache/17.3.17/vite/deps/chunk-LGRTSC5P.js?v=ca18ca99:302
[ 6661770ms] [WARNING] THREE.THREE.Clock: This module has been deprecated. Please use THREE.Timer instead. @ http://localhost:4200/@fs/home/ubuntu/Desktop/torugart-3d/.angular/cache/17.3.17/vite/deps/chunk-LGRTSC5P.js?v=ca18ca99:302
[ 6661838ms] [WARNING] THREE.WebGLShadowMap: PCFSoftShadowMap has been deprecated. Using PCFShadowMap instead. @ http://localhost:4200/@fs/home/ubuntu/Desktop/torugart-3d/.angular/cache/17.3.17/vite/deps/chunk-LGRTSC5P.js?v=ca18ca99:302
[ 6673323ms] [WARNING] THREE.THREE.Clock: This module has been deprecated. Please use THREE.Timer instead. @ http://localhost:4200/@fs/home/ubuntu/Desktop/torugart-3d/.angular/cache/17.3.17/vite/deps/chunk-LGRTSC5P.js?v=ca18ca99:302
[ 6673398ms] [WARNING] THREE.WebGLShadowMap: PCFSoftShadowMap has been deprecated. Using PCFShadowMap instead. @ http://localhost:4200/@fs/home/ubuntu/Desktop/torugart-3d/.angular/cache/17.3.17/vite/deps/chunk-LGRTSC5P.js?v=ca18ca99:302
[ 6753219ms] [WARNING] THREE.THREE.Clock: This module has been deprecated. Please use THREE.Timer instead. @ http://localhost:4200/@fs/home/ubuntu/Desktop/torugart-3d/.angular/cache/17.3.17/vite/deps/chunk-LGRTSC5P.js?v=ca18ca99:302
[ 6753270ms] [WARNING] THREE.WebGLShadowMap: PCFSoftShadowMap has been deprecated. Using PCFShadowMap instead. @ http://localhost:4200/@fs/home/ubuntu/Desktop/torugart-3d/.angular/cache/17.3.17/vite/deps/chunk-LGRTSC5P.js?v=ca18ca99:302
[ 6881416ms] [WARNING] THREE.THREE.Clock: This module has been deprecated. Please use THREE.Timer instead. @ http://localhost:4200/@fs/home/ubuntu/Desktop/torugart-3d/.angular/cache/17.3.17/vite/deps/chunk-LGRTSC5P.js?v=ca18ca99:302
[ 6881462ms] [WARNING] THREE.WebGLShadowMap: PCFSoftShadowMap has been deprecated. Using PCFShadowMap instead. @ http://localhost:4200/@fs/home/ubuntu/Desktop/torugart-3d/.angular/cache/17.3.17/vite/deps/chunk-LGRTSC5P.js?v=ca18ca99:302
[ 6925744ms] [WARNING] THREE.THREE.Clock: This module has been deprecated. Please use THREE.Timer instead. @ http://localhost:4200/@fs/home/ubuntu/Desktop/torugart-3d/.angular/cache/17.3.17/vite/deps/chunk-LGRTSC5P.js?v=ca18ca99:302
[ 6925782ms] [WARNING] THREE.WebGLShadowMap: PCFSoftShadowMap has been deprecated. Using PCFShadowMap instead. @ http://localhost:4200/@fs/home/ubuntu/Desktop/torugart-3d/.angular/cache/17.3.17/vite/deps/chunk-LGRTSC5P.js?v=ca18ca99:302
[ 6989292ms] [WARNING] THREE.THREE.Clock: This module has been deprecated. Please use THREE.Timer instead. @ http://localhost:4200/@fs/home/ubuntu/Desktop/torugart-3d/.angular/cache/17.3.17/vite/deps/chunk-LGRTSC5P.js?v=ca18ca99:302
[ 6989351ms] [WARNING] THREE.WebGLShadowMap: PCFSoftShadowMap has been deprecated. Using PCFShadowMap instead. @ http://localhost:4200/@fs/home/ubuntu/Desktop/torugart-3d/.angular/cache/17.3.17/vite/deps/chunk-LGRTSC5P.js?v=ca18ca99:302
[ 7572803ms] [WARNING] THREE.THREE.Clock: This module has been deprecated. Please use THREE.Timer instead. @ http://localhost:4200/@fs/home/ubuntu/Desktop/torugart-3d/.angular/cache/17.3.17/vite/deps/chunk-LGRTSC5P.js?v=ca18ca99:302
[ 7572852ms] [WARNING] THREE.WebGLShadowMap: PCFSoftShadowMap has been deprecated. Using PCFShadowMap instead. @ http://localhost:4200/@fs/home/ubuntu/Desktop/torugart-3d/.angular/cache/17.3.17/vite/deps/chunk-LGRTSC5P.js?v=ca18ca99:302
[ 7601779ms] [WARNING] THREE.THREE.Clock: This module has been deprecated. Please use THREE.Timer instead. @ http://localhost:4200/@fs/home/ubuntu/Desktop/torugart-3d/.angular/cache/17.3.17/vite/deps/chunk-LGRTSC5P.js?v=ca18ca99:302
[ 7601819ms] [WARNING] THREE.WebGLShadowMap: PCFSoftShadowMap has been deprecated. Using PCFShadowMap instead. @ http://localhost:4200/@fs/home/ubuntu/Desktop/torugart-3d/.angular/cache/17.3.17/vite/deps/chunk-LGRTSC5P.js?v=ca18ca99:302
[ 7625165ms] [WARNING] THREE.THREE.Clock: This module has been deprecated. Please use THREE.Timer instead. @ http://localhost:4200/@fs/home/ubuntu/Desktop/torugart-3d/.angular/cache/17.3.17/vite/deps/chunk-LGRTSC5P.js?v=ca18ca99:302
[ 7625218ms] [WARNING] THREE.WebGLShadowMap: PCFSoftShadowMap has been deprecated. Using PCFShadowMap instead. @ http://localhost:4200/@fs/home/ubuntu/Desktop/torugart-3d/.angular/cache/17.3.17/vite/deps/chunk-LGRTSC5P.js?v=ca18ca99:302
[ 7651228ms] [WARNING] THREE.THREE.Clock: This module has been deprecated. Please use THREE.Timer instead. @ http://localhost:4200/@fs/home/ubuntu/Desktop/torugart-3d/.angular/cache/17.3.17/vite/deps/chunk-LGRTSC5P.js?v=ca18ca99:302
[ 7651288ms] [WARNING] THREE.WebGLShadowMap: PCFSoftShadowMap has been deprecated. Using PCFShadowMap instead. @ http://localhost:4200/@fs/home/ubuntu/Desktop/torugart-3d/.angular/cache/17.3.17/vite/deps/chunk-LGRTSC5P.js?v=ca18ca99:302
[ 7743156ms] [WARNING] THREE.THREE.Clock: This module has been deprecated. Please use THREE.Timer instead. @ http://localhost:4200/@fs/home/ubuntu/Desktop/torugart-3d/.angular/cache/17.3.17/vite/deps/chunk-LGRTSC5P.js?v=ca18ca99:302
[ 7743228ms] [WARNING] THREE.WebGLShadowMap: PCFSoftShadowMap has been deprecated. Using PCFShadowMap instead. @ http://localhost:4200/@fs/home/ubuntu/Desktop/torugart-3d/.angular/cache/17.3.17/vite/deps/chunk-LGRTSC5P.js?v=ca18ca99:302
[ 7752288ms] [WARNING] THREE.THREE.Clock: This module has been deprecated. Please use THREE.Timer instead. @ http://localhost:4200/@fs/home/ubuntu/Desktop/torugart-3d/.angular/cache/17.3.17/vite/deps/chunk-LGRTSC5P.js?v=ca18ca99:302
[ 7752343ms] [WARNING] THREE.WebGLShadowMap: PCFSoftShadowMap has been deprecated. Using PCFShadowMap instead. @ http://localhost:4200/@fs/home/ubuntu/Desktop/torugart-3d/.angular/cache/17.3.17/vite/deps/chunk-LGRTSC5P.js?v=ca18ca99:302
[ 7755287ms] [WARNING] THREE.THREE.Clock: This module has been deprecated. Please use THREE.Timer instead. @ http://localhost:4200/@fs/home/ubuntu/Desktop/torugart-3d/.angular/cache/17.3.17/vite/deps/chunk-LGRTSC5P.js?v=ca18ca99:302
[ 7755335ms] [WARNING] THREE.WebGLShadowMap: PCFSoftShadowMap has been deprecated. Using PCFShadowMap instead. @ http://localhost:4200/@fs/home/ubuntu/Desktop/torugart-3d/.angular/cache/17.3.17/vite/deps/chunk-LGRTSC5P.js?v=ca18ca99:302
[ 7756035ms] [WARNING] THREE.THREE.Clock: This module has been deprecated. Please use THREE.Timer instead. @ http://localhost:4200/@fs/home/ubuntu/Desktop/torugart-3d/.angular/cache/17.3.17/vite/deps/chunk-LGRTSC5P.js?v=ca18ca99:302
[ 7756118ms] [WARNING] THREE.WebGLShadowMap: PCFSoftShadowMap has been deprecated. Using PCFShadowMap instead. @ http://localhost:4200/@fs/home/ubuntu/Desktop/torugart-3d/.angular/cache/17.3.17/vite/deps/chunk-LGRTSC5P.js?v=ca18ca99:302
