[      66ms] [WARNING] THREE.THREE.Clock: This module has been deprecated. Please use THREE.Timer instead. @ http://localhost:4200/@fs/home/ubuntu/Desktop/torugart-3d/.angular/cache/17.3.17/vite/deps/chunk-LGRTSC5P.js?v=ca18ca99:302
[     119ms] [WARNING] THREE.WebGLShadowMap: PCFSoftShadowMap has been deprecated. Using PCFShadowMap instead. @ http://localhost:4200/@fs/home/ubuntu/Desktop/torugart-3d/.angular/cache/17.3.17/vite/deps/chunk-LGRTSC5P.js?v=ca18ca99:302
[   81605ms] [WARNING] THREE.THREE.Clock: This module has been deprecated. Please use THREE.Timer instead. @ http://localhost:4200/@fs/home/ubuntu/Desktop/torugart-3d/.angular/cache/17.3.17/vite/deps/chunk-LGRTSC5P.js?v=ca18ca99:302
[   81691ms] [WARNING] THREE.WebGLShadowMap: PCFSoftShadowMap has been deprecated. Using PCFShadowMap instead. @ http://localhost:4200/@fs/home/ubuntu/Desktop/torugart-3d/.angular/cache/17.3.17/vite/deps/chunk-LGRTSC5P.js?v=ca18ca99:302
[   83920ms] [WARNING] THREE.THREE.Clock: This module has been deprecated. Please use THREE.Timer instead. @ http://localhost:4200/@fs/home/ubuntu/Desktop/torugart-3d/.angular/cache/17.3.17/vite/deps/chunk-LGRTSC5P.js?v=ca18ca99:302
[   83985ms] [WARNING] THREE.WebGLShadowMap: PCFSoftShadowMap has been deprecated. Using PCFShadowMap instead. @ http://localhost:4200/@fs/home/ubuntu/Desktop/torugart-3d/.angular/cache/17.3.17/vite/deps/chunk-LGRTSC5P.js?v=ca18ca99:302
[   85206ms] [WARNING] THREE.THREE.Clock: This module has been deprecated. Please use THREE.Timer instead. @ http://localhost:4200/@fs/home/ubuntu/Desktop/torugart-3d/.angular/cache/17.3.17/vite/deps/chunk-LGRTSC5P.js?v=ca18ca99:302
[   85276ms] [WARNING] THREE.WebGLShadowMap: PCFSoftShadowMap has been deprecated. Using PCFShadowMap instead. @ http://localhost:4200/@fs/home/ubuntu/Desktop/torugart-3d/.angular/cache/17.3.17/vite/deps/chunk-LGRTSC5P.js?v=ca18ca99:302
[   86211ms] [WARNING] THREE.THREE.Clock: This module has been deprecated. Please use THREE.Timer instead. @ http://localhost:4200/@fs/home/ubuntu/Desktop/torugart-3d/.angular/cache/17.3.17/vite/deps/chunk-LGRTSC5P.js?v=ca18ca99:302
[   86271ms] [WARNING] THREE.WebGLShadowMap: PCFSoftShadowMap has been deprecated. Using PCFShadowMap instead. @ http://localhost:4200/@fs/home/ubuntu/Desktop/torugart-3d/.angular/cache/17.3.17/vite/deps/chunk-LGRTSC5P.js?v=ca18ca99:302
[   91974ms] [WARNING] THREE.THREE.Clock: This module has been deprecated. Please use THREE.Timer instead. @ http://localhost:4200/@fs/home/ubuntu/Desktop/torugart-3d/.angular/cache/17.3.17/vite/deps/chunk-LGRTSC5P.js?v=ca18ca99:302
[   92031ms] [WARNING] THREE.WebGLShadowMap: PCFSoftShadowMap has been deprecated. Using PCFShadowMap instead. @ http://localhost:4200/@fs/home/ubuntu/Desktop/torugart-3d/.angular/cache/17.3.17/vite/deps/chunk-LGRTSC5P.js?v=ca18ca99:302
[   93273ms] [WARNING] THREE.THREE.Clock: This module has been deprecated. Please use THREE.Timer instead. @ http://localhost:4200/@fs/home/ubuntu/Desktop/torugart-3d/.angular/cache/17.3.17/vite/deps/chunk-LGRTSC5P.js?v=ca18ca99:302
[   93333ms] [WARNING] THREE.WebGLShadowMap: PCFSoftShadowMap has been deprecated. Using PCFShadowMap instead. @ http://localhost:4200/@fs/home/ubuntu/Desktop/torugart-3d/.angular/cache/17.3.17/vite/deps/chunk-LGRTSC5P.js?v=ca18ca99:302
[  108309ms] [WARNING] THREE.THREE.Clock: This module has been deprecated. Please use THREE.Timer instead. @ http://localhost:4200/@fs/home/ubuntu/Desktop/torugart-3d/.angular/cache/17.3.17/vite/deps/chunk-LGRTSC5P.js?v=ca18ca99:302
[  108358ms] [WARNING] THREE.WebGLShadowMap: PCFSoftShadowMap has been deprecated. Using PCFShadowMap instead. @ http://localhost:4200/@fs/home/ubuntu/Desktop/torugart-3d/.angular/cache/17.3.17/vite/deps/chunk-LGRTSC5P.js?v=ca18ca99:302
[  110686ms] [WARNING] THREE.THREE.Clock: This module has been deprecated. Please use THREE.Timer instead. @ http://localhost:4200/@fs/home/ubuntu/Desktop/torugart-3d/.angular/cache/17.3.17/vite/deps/chunk-LGRTSC5P.js?v=ca18ca99:302
[  110742ms] [WARNING] THREE.WebGLShadowMap: PCFSoftShadowMap has been deprecated. Using PCFShadowMap instead. @ http://localhost:4200/@fs/home/ubuntu/Desktop/torugart-3d/.angular/cache/17.3.17/vite/deps/chunk-LGRTSC5P.js?v=ca18ca99:302
[  112766ms] [WARNING] THREE.THREE.Clock: This module has been deprecated. Please use THREE.Timer instead. @ http://localhost:4200/@fs/home/ubuntu/Desktop/torugart-3d/.angular/cache/17.3.17/vite/deps/chunk-LGRTSC5P.js?v=ca18ca99:302
[  112830ms] [WARNING] THREE.WebGLShadowMap: PCFSoftShadowMap has been deprecated. Using PCFShadowMap instead. @ http://localhost:4200/@fs/home/ubuntu/Desktop/torugart-3d/.angular/cache/17.3.17/vite/deps/chunk-LGRTSC5P.js?v=ca18ca99:302
[  113947ms] [WARNING] THREE.THREE.Clock: This module has been deprecated. Please use THREE.Timer instead. @ http://localhost:4200/@fs/home/ubuntu/Desktop/torugart-3d/.angular/cache/17.3.17/vite/deps/chunk-LGRTSC5P.js?v=ca18ca99:302
[  114022ms] [WARNING] THREE.WebGLShadowMap: PCFSoftShadowMap has been deprecated. Using PCFShadowMap instead. @ http://localhost:4200/@fs/home/ubuntu/Desktop/torugart-3d/.angular/cache/17.3.17/vite/deps/chunk-LGRTSC5P.js?v=ca18ca99:302
[  249307ms] [WARNING] THREE.THREE.Clock: This module has been deprecated. Please use THREE.Timer instead. @ http://localhost:4200/@fs/home/ubuntu/Desktop/torugart-3d/.angular/cache/17.3.17/vite/deps/chunk-LGRTSC5P.js?v=ca18ca99:302
[  249363ms] [WARNING] THREE.WebGLShadowMap: PCFSoftShadowMap has been deprecated. Using PCFShadowMap instead. @ http://localhost:4200/@fs/home/ubuntu/Desktop/torugart-3d/.angular/cache/17.3.17/vite/deps/chunk-LGRTSC5P.js?v=ca18ca99:302
[  267829ms] [WARNING] THREE.THREE.Clock: This module has been deprecated. Please use THREE.Timer instead. @ http://localhost:4200/@fs/home/ubuntu/Desktop/torugart-3d/.angular/cache/17.3.17/vite/deps/chunk-LGRTSC5P.js?v=ca18ca99:302
[  267882ms] [WARNING] THREE.WebGLShadowMap: PCFSoftShadowMap has been deprecated. Using PCFShadowMap instead. @ http://localhost:4200/@fs/home/ubuntu/Desktop/torugart-3d/.angular/cache/17.3.17/vite/deps/chunk-LGRTSC5P.js?v=ca18ca99:302
[  269213ms] [WARNING] THREE.THREE.Clock: This module has been deprecated. Please use THREE.Timer instead. @ http://localhost:4200/@fs/home/ubuntu/Desktop/torugart-3d/.angular/cache/17.3.17/vite/deps/chunk-LGRTSC5P.js?v=ca18ca99:302
[  269259ms] [WARNING] THREE.WebGLShadowMap: PCFSoftShadowMap has been deprecated. Using PCFShadowMap instead. @ http://localhost:4200/@fs/home/ubuntu/Desktop/torugart-3d/.angular/cache/17.3.17/vite/deps/chunk-LGRTSC5P.js?v=ca18ca99:302
[  284797ms] [WARNING] THREE.THREE.Clock: This module has been deprecated. Please use THREE.Timer instead. @ http://localhost:4200/@fs/home/ubuntu/Desktop/torugart-3d/.angular/cache/17.3.17/vite/deps/chunk-LGRTSC5P.js?v=ca18ca99:302
[  284844ms] [WARNING] THREE.WebGLShadowMap: PCFSoftShadowMap has been deprecated. Using PCFShadowMap instead. @ http://localhost:4200/@fs/home/ubuntu/Desktop/torugart-3d/.angular/cache/17.3.17/vite/deps/chunk-LGRTSC5P.js?v=ca18ca99:302
[  312577ms] [WARNING] THREE.THREE.Clock: This module has been deprecated. Please use THREE.Timer instead. @ http://localhost:4200/@fs/home/ubuntu/Desktop/torugart-3d/.angular/cache/17.3.17/vite/deps/chunk-LGRTSC5P.js?v=ca18ca99:302
[  312628ms] [WARNING] THREE.WebGLShadowMap: PCFSoftShadowMap has been deprecated. Using PCFShadowMap instead. @ http://localhost:4200/@fs/home/ubuntu/Desktop/torugart-3d/.angular/cache/17.3.17/vite/deps/chunk-LGRTSC5P.js?v=ca18ca99:302
[  418340ms] [WARNING] THREE.THREE.Clock: This module has been deprecated. Please use THREE.Timer instead. @ http://localhost:4200/@fs/home/ubuntu/Desktop/torugart-3d/.angular/cache/17.3.17/vite/deps/chunk-LGRTSC5P.js?v=ca18ca99:302
[  418388ms] [WARNING] THREE.WebGLShadowMap: PCFSoftShadowMap has been deprecated. Using PCFShadowMap instead. @ http://localhost:4200/@fs/home/ubuntu/Desktop/torugart-3d/.angular/cache/17.3.17/vite/deps/chunk-LGRTSC5P.js?v=ca18ca99:302
[  630653ms] [WARNING] THREE.THREE.Clock: This module has been deprecated. Please use THREE.Timer instead. @ http://localhost:4200/@fs/home/ubuntu/Desktop/torugart-3d/.angular/cache/17.3.17/vite/deps/chunk-LGRTSC5P.js?v=ca18ca99:302
[  630706ms] [WARNING] THREE.WebGLShadowMap: PCFSoftShadowMap has been deprecated. Using PCFShadowMap instead. @ http://localhost:4200/@fs/home/ubuntu/Desktop/torugart-3d/.angular/cache/17.3.17/vite/deps/chunk-LGRTSC5P.js?v=ca18ca99:302
[  640509ms] [WARNING] THREE.THREE.Clock: This module has been deprecated. Please use THREE.Timer instead. @ http://localhost:4200/@fs/home/ubuntu/Desktop/torugart-3d/.angular/cache/17.3.17/vite/deps/chunk-LGRTSC5P.js?v=ca18ca99:302
[  640547ms] [WARNING] THREE.WebGLShadowMap: PCFSoftShadowMap has been deprecated. Using PCFShadowMap instead. @ http://localhost:4200/@fs/home/ubuntu/Desktop/torugart-3d/.angular/cache/17.3.17/vite/deps/chunk-LGRTSC5P.js?v=ca18ca99:302
[  657396ms] [WARNING] THREE.THREE.Clock: This module has been deprecated. Please use THREE.Timer instead. @ http://localhost:4200/@fs/home/ubuntu/Desktop/torugart-3d/.angular/cache/17.3.17/vite/deps/chunk-LGRTSC5P.js?v=ca18ca99:302
[  657439ms] [WARNING] THREE.WebGLShadowMap: PCFSoftShadowMap has been deprecated. Using PCFShadowMap instead. @ http://localhost:4200/@fs/home/ubuntu/Desktop/torugart-3d/.angular/cache/17.3.17/vite/deps/chunk-LGRTSC5P.js?v=ca18ca99:302
[  669575ms] [WARNING] THREE.THREE.Clock: This module has been deprecated. Please use THREE.Timer instead. @ http://localhost:4200/@fs/home/ubuntu/Desktop/torugart-3d/.angular/cache/17.3.17/vite/deps/chunk-LGRTSC5P.js?v=ca18ca99:302
[  669625ms] [WARNING] THREE.WebGLShadowMap: PCFSoftShadowMap has been deprecated. Using PCFShadowMap instead. @ http://localhost:4200/@fs/home/ubuntu/Desktop/torugart-3d/.angular/cache/17.3.17/vite/deps/chunk-LGRTSC5P.js?v=ca18ca99:302
[  708579ms] [WARNING] THREE.THREE.Clock: This module has been deprecated. Please use THREE.Timer instead. @ http://localhost:4200/@fs/home/ubuntu/Desktop/torugart-3d/.angular/cache/17.3.17/vite/deps/chunk-LGRTSC5P.js?v=ca18ca99:302
[  708626ms] [WARNING] THREE.WebGLShadowMap: PCFSoftShadowMap has been deprecated. Using PCFShadowMap instead. @ http://localhost:4200/@fs/home/ubuntu/Desktop/torugart-3d/.angular/cache/17.3.17/vite/deps/chunk-LGRTSC5P.js?v=ca18ca99:302
[  854427ms] [WARNING] THREE.THREE.Clock: This module has been deprecated. Please use THREE.Timer instead. @ http://localhost:4200/@fs/home/ubuntu/Desktop/torugart-3d/.angular/cache/17.3.17/vite/deps/chunk-LGRTSC5P.js?v=ca18ca99:302
[  854477ms] [WARNING] THREE.WebGLShadowMap: PCFSoftShadowMap has been deprecated. Using PCFShadowMap instead. @ http://localhost:4200/@fs/home/ubuntu/Desktop/torugart-3d/.angular/cache/17.3.17/vite/deps/chunk-LGRTSC5P.js?v=ca18ca99:302
[  885274ms] [WARNING] THREE.THREE.Clock: This module has been deprecated. Please use THREE.Timer instead. @ http://localhost:4200/@fs/home/ubuntu/Desktop/torugart-3d/.angular/cache/17.3.17/vite/deps/chunk-LGRTSC5P.js?v=ca18ca99:302
[  885317ms] [WARNING] THREE.WebGLShadowMap: PCFSoftShadowMap has been deprecated. Using PCFShadowMap instead. @ http://localhost:4200/@fs/home/ubuntu/Desktop/torugart-3d/.angular/cache/17.3.17/vite/deps/chunk-LGRTSC5P.js?v=ca18ca99:302
[  996103ms] [WARNING] THREE.THREE.Clock: This module has been deprecated. Please use THREE.Timer instead. @ http://localhost:4200/@fs/home/ubuntu/Desktop/torugart-3d/.angular/cache/17.3.17/vite/deps/chunk-LGRTSC5P.js?v=ca18ca99:302
[  996157ms] [WARNING] THREE.WebGLShadowMap: PCFSoftShadowMap has been deprecated. Using PCFShadowMap instead. @ http://localhost:4200/@fs/home/ubuntu/Desktop/torugart-3d/.angular/cache/17.3.17/vite/deps/chunk-LGRTSC5P.js?v=ca18ca99:302
[ 1169723ms] [WARNING] THREE.THREE.Clock: This module has been deprecated. Please use THREE.Timer instead. @ http://localhost:4200/@fs/home/ubuntu/Desktop/torugart-3d/.angular/cache/17.3.17/vite/deps/chunk-LGRTSC5P.js?v=ca18ca99:302
[ 1169780ms] [WARNING] THREE.WebGLShadowMap: PCFSoftShadowMap has been deprecated. Using PCFShadowMap instead. @ http://localhost:4200/@fs/home/ubuntu/Desktop/torugart-3d/.angular/cache/17.3.17/vite/deps/chunk-LGRTSC5P.js?v=ca18ca99:302
[ 1177471ms] [WARNING] THREE.THREE.Clock: This module has been deprecated. Please use THREE.Timer instead. @ http://localhost:4200/@fs/home/ubuntu/Desktop/torugart-3d/.angular/cache/17.3.17/vite/deps/chunk-LGRTSC5P.js?v=ca18ca99:302
[ 1177529ms] [WARNING] THREE.WebGLShadowMap: PCFSoftShadowMap has been deprecated. Using PCFShadowMap instead. @ http://localhost:4200/@fs/home/ubuntu/Desktop/torugart-3d/.angular/cache/17.3.17/vite/deps/chunk-LGRTSC5P.js?v=ca18ca99:302
[ 1178332ms] [WARNING] THREE.THREE.Clock: This module has been deprecated. Please use THREE.Timer instead. @ http://localhost:4200/@fs/home/ubuntu/Desktop/torugart-3d/.angular/cache/17.3.17/vite/deps/chunk-LGRTSC5P.js?v=ca18ca99:302
[ 1178368ms] [WARNING] THREE.WebGLShadowMap: PCFSoftShadowMap has been deprecated. Using PCFShadowMap instead. @ http://localhost:4200/@fs/home/ubuntu/Desktop/torugart-3d/.angular/cache/17.3.17/vite/deps/chunk-LGRTSC5P.js?v=ca18ca99:302
[ 1178976ms] [WARNING] THREE.THREE.Clock: This module has been deprecated. Please use THREE.Timer instead. @ http://localhost:4200/@fs/home/ubuntu/Desktop/torugart-3d/.angular/cache/17.3.17/vite/deps/chunk-LGRTSC5P.js?v=ca18ca99:302
[ 1179024ms] [WARNING] THREE.WebGLShadowMap: PCFSoftShadowMap has been deprecated. Using PCFShadowMap instead. @ http://localhost:4200/@fs/home/ubuntu/Desktop/torugart-3d/.angular/cache/17.3.17/vite/deps/chunk-LGRTSC5P.js?v=ca18ca99:302
[ 1179609ms] [WARNING] THREE.THREE.Clock: This module has been deprecated. Please use THREE.Timer instead. @ http://localhost:4200/@fs/home/ubuntu/Desktop/torugart-3d/.angular/cache/17.3.17/vite/deps/chunk-LGRTSC5P.js?v=ca18ca99:302
[ 1179644ms] [WARNING] THREE.WebGLShadowMap: PCFSoftShadowMap has been deprecated. Using PCFShadowMap instead. @ http://localhost:4200/@fs/home/ubuntu/Desktop/torugart-3d/.angular/cache/17.3.17/vite/deps/chunk-LGRTSC5P.js?v=ca18ca99:302
[ 1180192ms] [WARNING] THREE.THREE.Clock: This module has been deprecated. Please use THREE.Timer instead. @ http://localhost:4200/@fs/home/ubuntu/Desktop/torugart-3d/.angular/cache/17.3.17/vite/deps/chunk-LGRTSC5P.js?v=ca18ca99:302
[ 1180232ms] [WARNING] THREE.WebGLShadowMap: PCFSoftShadowMap has been deprecated. Using PCFShadowMap instead. @ http://localhost:4200/@fs/home/ubuntu/Desktop/torugart-3d/.angular/cache/17.3.17/vite/deps/chunk-LGRTSC5P.js?v=ca18ca99:302
[ 1180691ms] [WARNING] THREE.THREE.Clock: This module has been deprecated. Please use THREE.Timer instead. @ http://localhost:4200/@fs/home/ubuntu/Desktop/torugart-3d/.angular/cache/17.3.17/vite/deps/chunk-LGRTSC5P.js?v=ca18ca99:302
[ 1180724ms] [WARNING] THREE.WebGLShadowMap: PCFSoftShadowMap has been deprecated. Using PCFShadowMap instead. @ http://localhost:4200/@fs/home/ubuntu/Desktop/torugart-3d/.angular/cache/17.3.17/vite/deps/chunk-LGRTSC5P.js?v=ca18ca99:302
[ 1181141ms] [WARNING] THREE.THREE.Clock: This module has been deprecated. Please use THREE.Timer instead. @ http://localhost:4200/@fs/home/ubuntu/Desktop/torugart-3d/.angular/cache/17.3.17/vite/deps/chunk-LGRTSC5P.js?v=ca18ca99:302
[ 1181189ms] [WARNING] THREE.WebGLShadowMap: PCFSoftShadowMap has been deprecated. Using PCFShadowMap instead. @ http://localhost:4200/@fs/home/ubuntu/Desktop/torugart-3d/.angular/cache/17.3.17/vite/deps/chunk-LGRTSC5P.js?v=ca18ca99:302
[ 1181555ms] [WARNING] THREE.THREE.Clock: This module has been deprecated. Please use THREE.Timer instead. @ http://localhost:4200/@fs/home/ubuntu/Desktop/torugart-3d/.angular/cache/17.3.17/vite/deps/chunk-LGRTSC5P.js?v=ca18ca99:302
[ 1181596ms] [WARNING] THREE.WebGLShadowMap: PCFSoftShadowMap has been deprecated. Using PCFShadowMap instead. @ http://localhost:4200/@fs/home/ubuntu/Desktop/torugart-3d/.angular/cache/17.3.17/vite/deps/chunk-LGRTSC5P.js?v=ca18ca99:302
[ 1181984ms] [WARNING] THREE.THREE.Clock: This module has been deprecated. Please use THREE.Timer instead. @ http://localhost:4200/@fs/home/ubuntu/Desktop/torugart-3d/.angular/cache/17.3.17/vite/deps/chunk-LGRTSC5P.js?v=ca18ca99:302
[ 1182025ms] [WARNING] THREE.WebGLShadowMap: PCFSoftShadowMap has been deprecated. Using PCFShadowMap instead. @ http://localhost:4200/@fs/home/ubuntu/Desktop/torugart-3d/.angular/cache/17.3.17/vite/deps/chunk-LGRTSC5P.js?v=ca18ca99:302
[ 1182629ms] [WARNING] THREE.THREE.Clock: This module has been deprecated. Please use THREE.Timer instead. @ http://localhost:4200/@fs/home/ubuntu/Desktop/torugart-3d/.angular/cache/17.3.17/vite/deps/chunk-LGRTSC5P.js?v=ca18ca99:302
[ 1182663ms] [WARNING] THREE.WebGLShadowMap: PCFSoftShadowMap has been deprecated. Using PCFShadowMap instead. @ http://localhost:4200/@fs/home/ubuntu/Desktop/torugart-3d/.angular/cache/17.3.17/vite/deps/chunk-LGRTSC5P.js?v=ca18ca99:302
[ 1183273ms] [WARNING] THREE.THREE.Clock: This module has been deprecated. Please use THREE.Timer instead. @ http://localhost:4200/@fs/home/ubuntu/Desktop/torugart-3d/.angular/cache/17.3.17/vite/deps/chunk-LGRTSC5P.js?v=ca18ca99:302
[ 1183318ms] [WARNING] THREE.WebGLShadowMap: PCFSoftShadowMap has been deprecated. Using PCFShadowMap instead. @ http://localhost:4200/@fs/home/ubuntu/Desktop/torugart-3d/.angular/cache/17.3.17/vite/deps/chunk-LGRTSC5P.js?v=ca18ca99:302
[ 1184817ms] [WARNING] THREE.THREE.Clock: This module has been deprecated. Please use THREE.Timer instead. @ http://localhost:4200/@fs/home/ubuntu/Desktop/torugart-3d/.angular/cache/17.3.17/vite/deps/chunk-LGRTSC5P.js?v=ca18ca99:302
[ 1184852ms] [WARNING] THREE.WebGLShadowMap: PCFSoftShadowMap has been deprecated. Using PCFShadowMap instead. @ http://localhost:4200/@fs/home/ubuntu/Desktop/torugart-3d/.angular/cache/17.3.17/vite/deps/chunk-LGRTSC5P.js?v=ca18ca99:302
[ 1199537ms] [WARNING] THREE.THREE.Clock: This module has been deprecated. Please use THREE.Timer instead. @ http://localhost:4200/@fs/home/ubuntu/Desktop/torugart-3d/.angular/cache/17.3.17/vite/deps/chunk-LGRTSC5P.js?v=ca18ca99:302
[ 1199602ms] [WARNING] THREE.WebGLShadowMap: PCFSoftShadowMap has been deprecated. Using PCFShadowMap instead. @ http://localhost:4200/@fs/home/ubuntu/Desktop/torugart-3d/.angular/cache/17.3.17/vite/deps/chunk-LGRTSC5P.js?v=ca18ca99:302
[ 1221992ms] [WARNING] THREE.THREE.Clock: This module has been deprecated. Please use THREE.Timer instead. @ http://localhost:4200/@fs/home/ubuntu/Desktop/torugart-3d/.angular/cache/17.3.17/vite/deps/chunk-LGRTSC5P.js?v=ca18ca99:302
[ 1222054ms] [WARNING] THREE.WebGLShadowMap: PCFSoftShadowMap has been deprecated. Using PCFShadowMap instead. @ http://localhost:4200/@fs/home/ubuntu/Desktop/torugart-3d/.angular/cache/17.3.17/vite/deps/chunk-LGRTSC5P.js?v=ca18ca99:302
[ 1259189ms] [WARNING] THREE.THREE.Clock: This module has been deprecated. Please use THREE.Timer instead. @ http://localhost:4200/@fs/home/ubuntu/Desktop/torugart-3d/.angular/cache/17.3.17/vite/deps/chunk-LGRTSC5P.js?v=ca18ca99:302
[ 1259236ms] [WARNING] THREE.WebGLShadowMap: PCFSoftShadowMap has been deprecated. Using PCFShadowMap instead. @ http://localhost:4200/@fs/home/ubuntu/Desktop/torugart-3d/.angular/cache/17.3.17/vite/deps/chunk-LGRTSC5P.js?v=ca18ca99:302
[ 1281401ms] [WARNING] THREE.THREE.Clock: This module has been deprecated. Please use THREE.Timer instead. @ http://localhost:4200/@fs/home/ubuntu/Desktop/torugart-3d/.angular/cache/17.3.17/vite/deps/chunk-LGRTSC5P.js?v=ca18ca99:302
[ 1281476ms] [WARNING] THREE.WebGLShadowMap: PCFSoftShadowMap has been deprecated. Using PCFShadowMap instead. @ http://localhost:4200/@fs/home/ubuntu/Desktop/torugart-3d/.angular/cache/17.3.17/vite/deps/chunk-LGRTSC5P.js?v=ca18ca99:302
[ 1306666ms] [WARNING] THREE.THREE.Clock: This module has been deprecated. Please use THREE.Timer instead. @ http://localhost:4200/@fs/home/ubuntu/Desktop/torugart-3d/.angular/cache/17.3.17/vite/deps/chunk-LGRTSC5P.js?v=ca18ca99:302
[ 1306717ms] [WARNING] THREE.WebGLShadowMap: PCFSoftShadowMap has been deprecated. Using PCFShadowMap instead. @ http://localhost:4200/@fs/home/ubuntu/Desktop/torugart-3d/.angular/cache/17.3.17/vite/deps/chunk-LGRTSC5P.js?v=ca18ca99:302
[ 1361185ms] [WARNING] THREE.THREE.Clock: This module has been deprecated. Please use THREE.Timer instead. @ http://localhost:4200/@fs/home/ubuntu/Desktop/torugart-3d/.angular/cache/17.3.17/vite/deps/chunk-LGRTSC5P.js?v=ca18ca99:302
[ 1361245ms] [WARNING] THREE.WebGLShadowMap: PCFSoftShadowMap has been deprecated. Using PCFShadowMap instead. @ http://localhost:4200/@fs/home/ubuntu/Desktop/torugart-3d/.angular/cache/17.3.17/vite/deps/chunk-LGRTSC5P.js?v=ca18ca99:302
[ 1489589ms] [WARNING] THREE.THREE.Clock: This module has been deprecated. Please use THREE.Timer instead. @ http://localhost:4200/@fs/home/ubuntu/Desktop/torugart-3d/.angular/cache/17.3.17/vite/deps/chunk-LGRTSC5P.js?v=ca18ca99:302
[ 1489657ms] [WARNING] THREE.WebGLShadowMap: PCFSoftShadowMap has been deprecated. Using PCFShadowMap instead. @ http://localhost:4200/@fs/home/ubuntu/Desktop/torugart-3d/.angular/cache/17.3.17/vite/deps/chunk-LGRTSC5P.js?v=ca18ca99:302
[ 1539082ms] [WARNING] THREE.THREE.Clock: This module has been deprecated. Please use THREE.Timer instead. @ http://localhost:4200/@fs/home/ubuntu/Desktop/torugart-3d/.angular/cache/17.3.17/vite/deps/chunk-LGRTSC5P.js?v=ca18ca99:302
[ 1539131ms] [WARNING] THREE.WebGLShadowMap: PCFSoftShadowMap has been deprecated. Using PCFShadowMap instead. @ http://localhost:4200/@fs/home/ubuntu/Desktop/torugart-3d/.angular/cache/17.3.17/vite/deps/chunk-LGRTSC5P.js?v=ca18ca99:302
[ 1590320ms] [WARNING] THREE.THREE.Clock: This module has been deprecated. Please use THREE.Timer instead. @ http://localhost:4200/@fs/home/ubuntu/Desktop/torugart-3d/.angular/cache/17.3.17/vite/deps/chunk-LGRTSC5P.js?v=ca18ca99:302
[ 1590366ms] [WARNING] THREE.WebGLShadowMap: PCFSoftShadowMap has been deprecated. Using PCFShadowMap instead. @ http://localhost:4200/@fs/home/ubuntu/Desktop/torugart-3d/.angular/cache/17.3.17/vite/deps/chunk-LGRTSC5P.js?v=ca18ca99:302
[ 1684874ms] [WARNING] THREE.THREE.Clock: This module has been deprecated. Please use THREE.Timer instead. @ http://localhost:4200/@fs/home/ubuntu/Desktop/torugart-3d/.angular/cache/17.3.17/vite/deps/chunk-LGRTSC5P.js?v=ca18ca99:302
[ 1684940ms] [WARNING] THREE.WebGLShadowMap: PCFSoftShadowMap has been deprecated. Using PCFShadowMap instead. @ http://localhost:4200/@fs/home/ubuntu/Desktop/torugart-3d/.angular/cache/17.3.17/vite/deps/chunk-LGRTSC5P.js?v=ca18ca99:302
[ 1699172ms] [WARNING] THREE.THREE.Clock: This module has been deprecated. Please use THREE.Timer instead. @ http://localhost:4200/@fs/home/ubuntu/Desktop/torugart-3d/.angular/cache/17.3.17/vite/deps/chunk-LGRTSC5P.js?v=ca18ca99:302
[ 1699223ms] [WARNING] THREE.WebGLShadowMap: PCFSoftShadowMap has been deprecated. Using PCFShadowMap instead. @ http://localhost:4200/@fs/home/ubuntu/Desktop/torugart-3d/.angular/cache/17.3.17/vite/deps/chunk-LGRTSC5P.js?v=ca18ca99:302
[ 1725719ms] [WARNING] THREE.THREE.Clock: This module has been deprecated. Please use THREE.Timer instead. @ http://localhost:4200/@fs/home/ubuntu/Desktop/torugart-3d/.angular/cache/17.3.17/vite/deps/chunk-LGRTSC5P.js?v=ca18ca99:302
[ 1725753ms] [WARNING] THREE.WebGLShadowMap: PCFSoftShadowMap has been deprecated. Using PCFShadowMap instead. @ http://localhost:4200/@fs/home/ubuntu/Desktop/torugart-3d/.angular/cache/17.3.17/vite/deps/chunk-LGRTSC5P.js?v=ca18ca99:302
[ 1879868ms] [WARNING] THREE.THREE.Clock: This module has been deprecated. Please use THREE.Timer instead. @ http://localhost:4200/@fs/home/ubuntu/Desktop/torugart-3d/.angular/cache/17.3.17/vite/deps/chunk-LGRTSC5P.js?v=ca18ca99:302
[ 1879918ms] [WARNING] THREE.WebGLShadowMap: PCFSoftShadowMap has been deprecated. Using PCFShadowMap instead. @ http://localhost:4200/@fs/home/ubuntu/Desktop/torugart-3d/.angular/cache/17.3.17/vite/deps/chunk-LGRTSC5P.js?v=ca18ca99:302
[ 1884745ms] [WARNING] THREE.THREE.Clock: This module has been deprecated. Please use THREE.Timer instead. @ http://localhost:4200/@fs/home/ubuntu/Desktop/torugart-3d/.angular/cache/17.3.17/vite/deps/chunk-LGRTSC5P.js?v=ca18ca99:302
[ 1884778ms] [WARNING] THREE.WebGLShadowMap: PCFSoftShadowMap has been deprecated. Using PCFShadowMap instead. @ http://localhost:4200/@fs/home/ubuntu/Desktop/torugart-3d/.angular/cache/17.3.17/vite/deps/chunk-LGRTSC5P.js?v=ca18ca99:302
[ 1910833ms] [WARNING] THREE.THREE.Clock: This module has been deprecated. Please use THREE.Timer instead. @ http://localhost:4200/@fs/home/ubuntu/Desktop/torugart-3d/.angular/cache/17.3.17/vite/deps/chunk-LGRTSC5P.js?v=ca18ca99:302
[ 1910870ms] [WARNING] THREE.WebGLShadowMap: PCFSoftShadowMap has been deprecated. Using PCFShadowMap instead. @ http://localhost:4200/@fs/home/ubuntu/Desktop/torugart-3d/.angular/cache/17.3.17/vite/deps/chunk-LGRTSC5P.js?v=ca18ca99:302
[ 2010770ms] [WARNING] THREE.THREE.Clock: This module has been deprecated. Please use THREE.Timer instead. @ http://localhost:4200/@fs/home/ubuntu/Desktop/torugart-3d/.angular/cache/17.3.17/vite/deps/chunk-LGRTSC5P.js?v=ca18ca99:302
[ 2010819ms] [WARNING] THREE.WebGLShadowMap: PCFSoftShadowMap has been deprecated. Using PCFShadowMap instead. @ http://localhost:4200/@fs/home/ubuntu/Desktop/torugart-3d/.angular/cache/17.3.17/vite/deps/chunk-LGRTSC5P.js?v=ca18ca99:302
[ 2026752ms] [WARNING] THREE.THREE.Clock: This module has been deprecated. Please use THREE.Timer instead. @ http://localhost:4200/@fs/home/ubuntu/Desktop/torugart-3d/.angular/cache/17.3.17/vite/deps/chunk-LGRTSC5P.js?v=ca18ca99:302
[ 2026794ms] [WARNING] THREE.WebGLShadowMap: PCFSoftShadowMap has been deprecated. Using PCFShadowMap instead. @ http://localhost:4200/@fs/home/ubuntu/Desktop/torugart-3d/.angular/cache/17.3.17/vite/deps/chunk-LGRTSC5P.js?v=ca18ca99:302
[ 2039170ms] [WARNING] THREE.THREE.Clock: This module has been deprecated. Please use THREE.Timer instead. @ http://localhost:4200/@fs/home/ubuntu/Desktop/torugart-3d/.angular/cache/17.3.17/vite/deps/chunk-LGRTSC5P.js?v=ca18ca99:302
[ 2039228ms] [WARNING] THREE.WebGLShadowMap: PCFSoftShadowMap has been deprecated. Using PCFShadowMap instead. @ http://localhost:4200/@fs/home/ubuntu/Desktop/torugart-3d/.angular/cache/17.3.17/vite/deps/chunk-LGRTSC5P.js?v=ca18ca99:302
[ 2116353ms] [WARNING] THREE.THREE.Clock: This module has been deprecated. Please use THREE.Timer instead. @ http://localhost:4200/@fs/home/ubuntu/Desktop/torugart-3d/.angular/cache/17.3.17/vite/deps/chunk-LGRTSC5P.js?v=ca18ca99:302
[ 2116419ms] [WARNING] THREE.WebGLShadowMap: PCFSoftShadowMap has been deprecated. Using PCFShadowMap instead. @ http://localhost:4200/@fs/home/ubuntu/Desktop/torugart-3d/.angular/cache/17.3.17/vite/deps/chunk-LGRTSC5P.js?v=ca18ca99:302
[ 2191100ms] [WARNING] THREE.THREE.Clock: This module has been deprecated. Please use THREE.Timer instead. @ http://localhost:4200/@fs/home/ubuntu/Desktop/torugart-3d/.angular/cache/17.3.17/vite/deps/chunk-LGRTSC5P.js?v=ca18ca99:302
[ 2191141ms] [WARNING] THREE.WebGLShadowMap: PCFSoftShadowMap has been deprecated. Using PCFShadowMap instead. @ http://localhost:4200/@fs/home/ubuntu/Desktop/torugart-3d/.angular/cache/17.3.17/vite/deps/chunk-LGRTSC5P.js?v=ca18ca99:302
[ 2474331ms] [WARNING] THREE.THREE.Clock: This module has been deprecated. Please use THREE.Timer instead. @ http://localhost:4200/@fs/home/ubuntu/Desktop/torugart-3d/.angular/cache/17.3.17/vite/deps/chunk-LGRTSC5P.js?v=ca18ca99:302
[ 2474382ms] [WARNING] THREE.WebGLShadowMap: PCFSoftShadowMap has been deprecated. Using PCFShadowMap instead. @ http://localhost:4200/@fs/home/ubuntu/Desktop/torugart-3d/.angular/cache/17.3.17/vite/deps/chunk-LGRTSC5P.js?v=ca18ca99:302
[ 2501374ms] [WARNING] THREE.THREE.Clock: This module has been deprecated. Please use THREE.Timer instead. @ http://localhost:4200/@fs/home/ubuntu/Desktop/torugart-3d/.angular/cache/17.3.17/vite/deps/chunk-LGRTSC5P.js?v=ca18ca99:302
[ 2501417ms] [WARNING] THREE.WebGLShadowMap: PCFSoftShadowMap has been deprecated. Using PCFShadowMap instead. @ http://localhost:4200/@fs/home/ubuntu/Desktop/torugart-3d/.angular/cache/17.3.17/vite/deps/chunk-LGRTSC5P.js?v=ca18ca99:302
[ 2516685ms] [WARNING] THREE.THREE.Clock: This module has been deprecated. Please use THREE.Timer instead. @ http://localhost:4200/@fs/home/ubuntu/Desktop/torugart-3d/.angular/cache/17.3.17/vite/deps/chunk-LGRTSC5P.js?v=ca18ca99:302
[ 2516740ms] [WARNING] THREE.WebGLShadowMap: PCFSoftShadowMap has been deprecated. Using PCFShadowMap instead. @ http://localhost:4200/@fs/home/ubuntu/Desktop/torugart-3d/.angular/cache/17.3.17/vite/deps/chunk-LGRTSC5P.js?v=ca18ca99:302
[ 2529346ms] [WARNING] THREE.THREE.Clock: This module has been deprecated. Please use THREE.Timer instead. @ http://localhost:4200/@fs/home/ubuntu/Desktop/torugart-3d/.angular/cache/17.3.17/vite/deps/chunk-LGRTSC5P.js?v=ca18ca99:302
[ 2529388ms] [WARNING] THREE.WebGLShadowMap: PCFSoftShadowMap has been deprecated. Using PCFShadowMap instead. @ http://localhost:4200/@fs/home/ubuntu/Desktop/torugart-3d/.angular/cache/17.3.17/vite/deps/chunk-LGRTSC5P.js?v=ca18ca99:302
[ 3074628ms] [WARNING] THREE.THREE.Clock: This module has been deprecated. Please use THREE.Timer instead. @ http://localhost:4200/@fs/home/ubuntu/Desktop/torugart-3d/.angular/cache/17.3.17/vite/deps/chunk-LGRTSC5P.js?v=ca18ca99:302
[ 3074679ms] [WARNING] THREE.WebGLShadowMap: PCFSoftShadowMap has been deprecated. Using PCFShadowMap instead. @ http://localhost:4200/@fs/home/ubuntu/Desktop/torugart-3d/.angular/cache/17.3.17/vite/deps/chunk-LGRTSC5P.js?v=ca18ca99:302
[ 3083295ms] [WARNING] THREE.THREE.Clock: This module has been deprecated. Please use THREE.Timer instead. @ http://localhost:4200/@fs/home/ubuntu/Desktop/torugart-3d/.angular/cache/17.3.17/vite/deps/chunk-LGRTSC5P.js?v=ca18ca99:302
[ 3083347ms] [WARNING] THREE.WebGLShadowMap: PCFSoftShadowMap has been deprecated. Using PCFShadowMap instead. @ http://localhost:4200/@fs/home/ubuntu/Desktop/torugart-3d/.angular/cache/17.3.17/vite/deps/chunk-LGRTSC5P.js?v=ca18ca99:302
[ 3120581ms] [WARNING] THREE.THREE.Clock: This module has been deprecated. Please use THREE.Timer instead. @ http://localhost:4200/@fs/home/ubuntu/Desktop/torugart-3d/.angular/cache/17.3.17/vite/deps/chunk-LGRTSC5P.js?v=ca18ca99:302
[ 3120657ms] [WARNING] THREE.WebGLShadowMap: PCFSoftShadowMap has been deprecated. Using PCFShadowMap instead. @ http://localhost:4200/@fs/home/ubuntu/Desktop/torugart-3d/.angular/cache/17.3.17/vite/deps/chunk-LGRTSC5P.js?v=ca18ca99:302
[ 3302385ms] [WARNING] THREE.THREE.Clock: This module has been deprecated. Please use THREE.Timer instead. @ http://localhost:4200/@fs/home/ubuntu/Desktop/torugart-3d/.angular/cache/17.3.17/vite/deps/chunk-LGRTSC5P.js?v=ca18ca99:302
[ 3302430ms] [WARNING] THREE.WebGLShadowMap: PCFSoftShadowMap has been deprecated. Using PCFShadowMap instead. @ http://localhost:4200/@fs/home/ubuntu/Desktop/torugart-3d/.angular/cache/17.3.17/vite/deps/chunk-LGRTSC5P.js?v=ca18ca99:302
[ 3671794ms] [WARNING] THREE.THREE.Clock: This module has been deprecated. Please use THREE.Timer instead. @ http://localhost:4200/@fs/home/ubuntu/Desktop/torugart-3d/.angular/cache/17.3.17/vite/deps/chunk-LGRTSC5P.js?v=ca18ca99:302
[ 3671842ms] [WARNING] THREE.WebGLShadowMap: PCFSoftShadowMap has been deprecated. Using PCFShadowMap instead. @ http://localhost:4200/@fs/home/ubuntu/Desktop/torugart-3d/.angular/cache/17.3.17/vite/deps/chunk-LGRTSC5P.js?v=ca18ca99:302
[ 3705644ms] [WARNING] THREE.THREE.Clock: This module has been deprecated. Please use THREE.Timer instead. @ http://localhost:4200/@fs/home/ubuntu/Desktop/torugart-3d/.angular/cache/17.3.17/vite/deps/chunk-LGRTSC5P.js?v=ca18ca99:302
[ 3705698ms] [WARNING] THREE.WebGLShadowMap: PCFSoftShadowMap has been deprecated. Using PCFShadowMap instead. @ http://localhost:4200/@fs/home/ubuntu/Desktop/torugart-3d/.angular/cache/17.3.17/vite/deps/chunk-LGRTSC5P.js?v=ca18ca99:302
[ 3719144ms] [WARNING] THREE.THREE.Clock: This module has been deprecated. Please use THREE.Timer instead. @ http://localhost:4200/@fs/home/ubuntu/Desktop/torugart-3d/.angular/cache/17.3.17/vite/deps/chunk-LGRTSC5P.js?v=ca18ca99:302
[ 3719198ms] [WARNING] THREE.WebGLShadowMap: PCFSoftShadowMap has been deprecated. Using PCFShadowMap instead. @ http://localhost:4200/@fs/home/ubuntu/Desktop/torugart-3d/.angular/cache/17.3.17/vite/deps/chunk-LGRTSC5P.js?v=ca18ca99:302
[ 3902211ms] [WARNING] THREE.THREE.Clock: This module has been deprecated. Please use THREE.Timer instead. @ http://localhost:4200/@fs/home/ubuntu/Desktop/torugart-3d/.angular/cache/17.3.17/vite/deps/chunk-LGRTSC5P.js?v=ca18ca99:302
[ 3902265ms] [WARNING] THREE.WebGLShadowMap: PCFSoftShadowMap has been deprecated. Using PCFShadowMap instead. @ http://localhost:4200/@fs/home/ubuntu/Desktop/torugart-3d/.angular/cache/17.3.17/vite/deps/chunk-LGRTSC5P.js?v=ca18ca99:302
[ 3987656ms] [WARNING] THREE.THREE.Clock: This module has been deprecated. Please use THREE.Timer instead. @ http://localhost:4200/@fs/home/ubuntu/Desktop/torugart-3d/.angular/cache/17.3.17/vite/deps/chunk-LGRTSC5P.js?v=ca18ca99:302
[ 3987709ms] [WARNING] THREE.WebGLShadowMap: PCFSoftShadowMap has been deprecated. Using PCFShadowMap instead. @ http://localhost:4200/@fs/home/ubuntu/Desktop/torugart-3d/.angular/cache/17.3.17/vite/deps/chunk-LGRTSC5P.js?v=ca18ca99:302
[ 4058796ms] [WARNING] THREE.THREE.Clock: This module has been deprecated. Please use THREE.Timer instead. @ http://localhost:4200/@fs/home/ubuntu/Desktop/torugart-3d/.angular/cache/17.3.17/vite/deps/chunk-LGRTSC5P.js?v=ca18ca99:302
[ 4058838ms] [WARNING] THREE.WebGLShadowMap: PCFSoftShadowMap has been deprecated. Using PCFShadowMap instead. @ http://localhost:4200/@fs/home/ubuntu/Desktop/torugart-3d/.angular/cache/17.3.17/vite/deps/chunk-LGRTSC5P.js?v=ca18ca99:302
[ 4375523ms] [WARNING] THREE.THREE.Clock: This module has been deprecated. Please use THREE.Timer instead. @ http://localhost:4200/@fs/home/ubuntu/Desktop/torugart-3d/.angular/cache/17.3.17/vite/deps/chunk-LGRTSC5P.js?v=ca18ca99:302
[ 4375606ms] [WARNING] THREE.WebGLShadowMap: PCFSoftShadowMap has been deprecated. Using PCFShadowMap instead. @ http://localhost:4200/@fs/home/ubuntu/Desktop/torugart-3d/.angular/cache/17.3.17/vite/deps/chunk-LGRTSC5P.js?v=ca18ca99:302
[ 4521057ms] [WARNING] THREE.THREE.Clock: This module has been deprecated. Please use THREE.Timer instead. @ http://localhost:4200/@fs/home/ubuntu/Desktop/torugart-3d/.angular/cache/17.3.17/vite/deps/chunk-LGRTSC5P.js?v=ca18ca99:302
[ 4521136ms] [WARNING] THREE.WebGLShadowMap: PCFSoftShadowMap has been deprecated. Using PCFShadowMap instead. @ http://localhost:4200/@fs/home/ubuntu/Desktop/torugart-3d/.angular/cache/17.3.17/vite/deps/chunk-LGRTSC5P.js?v=ca18ca99:302
[ 4563751ms] [WARNING] THREE.THREE.Clock: This module has been deprecated. Please use THREE.Timer instead. @ http://localhost:4200/@fs/home/ubuntu/Desktop/torugart-3d/.angular/cache/17.3.17/vite/deps/chunk-LGRTSC5P.js?v=ca18ca99:302
[ 4563818ms] [WARNING] THREE.WebGLShadowMap: PCFSoftShadowMap has been deprecated. Using PCFShadowMap instead. @ http://localhost:4200/@fs/home/ubuntu/Desktop/torugart-3d/.angular/cache/17.3.17/vite/deps/chunk-LGRTSC5P.js?v=ca18ca99:302
[ 4590263ms] [WARNING] THREE.THREE.Clock: This module has been deprecated. Please use THREE.Timer instead. @ http://localhost:4200/@fs/home/ubuntu/Desktop/torugart-3d/.angular/cache/17.3.17/vite/deps/chunk-LGRTSC5P.js?v=ca18ca99:302
[ 4590308ms] [WARNING] THREE.WebGLShadowMap: PCFSoftShadowMap has been deprecated. Using PCFShadowMap instead. @ http://localhost:4200/@fs/home/ubuntu/Desktop/torugart-3d/.angular/cache/17.3.17/vite/deps/chunk-LGRTSC5P.js?v=ca18ca99:302
[ 4640410ms] [WARNING] THREE.THREE.Clock: This module has been deprecated. Please use THREE.Timer instead. @ http://localhost:4200/@fs/home/ubuntu/Desktop/torugart-3d/.angular/cache/17.3.17/vite/deps/chunk-LGRTSC5P.js?v=ca18ca99:302
[ 4640460ms] [WARNING] THREE.WebGLShadowMap: PCFSoftShadowMap has been deprecated. Using PCFShadowMap instead. @ http://localhost:4200/@fs/home/ubuntu/Desktop/torugart-3d/.angular/cache/17.3.17/vite/deps/chunk-LGRTSC5P.js?v=ca18ca99:302
[ 4641835ms] [WARNING] THREE.THREE.Clock: This module has been deprecated. Please use THREE.Timer instead. @ http://localhost:4200/@fs/home/ubuntu/Desktop/torugart-3d/.angular/cache/17.3.17/vite/deps/chunk-LGRTSC5P.js?v=ca18ca99:302
[ 4641880ms] [WARNING] THREE.WebGLShadowMap: PCFSoftShadowMap has been deprecated. Using PCFShadowMap instead. @ http://localhost:4200/@fs/home/ubuntu/Desktop/torugart-3d/.angular/cache/17.3.17/vite/deps/chunk-LGRTSC5P.js?v=ca18ca99:302
[ 4677598ms] [WARNING] THREE.THREE.Clock: This module has been deprecated. Please use THREE.Timer instead. @ http://localhost:4200/@fs/home/ubuntu/Desktop/torugart-3d/.angular/cache/17.3.17/vite/deps/chunk-LGRTSC5P.js?v=ca18ca99:302
[ 4677669ms] [WARNING] THREE.WebGLShadowMap: PCFSoftShadowMap has been deprecated. Using PCFShadowMap instead. @ http://localhost:4200/@fs/home/ubuntu/Desktop/torugart-3d/.angular/cache/17.3.17/vite/deps/chunk-LGRTSC5P.js?v=ca18ca99:302
[ 4833094ms] [WARNING] THREE.THREE.Clock: This module has been deprecated. Please use THREE.Timer instead. @ http://localhost:4200/@fs/home/ubuntu/Desktop/torugart-3d/.angular/cache/17.3.17/vite/deps/chunk-LGRTSC5P.js?v=ca18ca99:302
[ 4833142ms] [WARNING] THREE.WebGLShadowMap: PCFSoftShadowMap has been deprecated. Using PCFShadowMap instead. @ http://localhost:4200/@fs/home/ubuntu/Desktop/torugart-3d/.angular/cache/17.3.17/vite/deps/chunk-LGRTSC5P.js?v=ca18ca99:302
[ 4879632ms] [WARNING] THREE.THREE.Clock: This module has been deprecated. Please use THREE.Timer instead. @ http://localhost:4200/@fs/home/ubuntu/Desktop/torugart-3d/.angular/cache/17.3.17/vite/deps/chunk-LGRTSC5P.js?v=ca18ca99:302
[ 4879694ms] [WARNING] THREE.WebGLShadowMap: PCFSoftShadowMap has been deprecated. Using PCFShadowMap instead. @ http://localhost:4200/@fs/home/ubuntu/Desktop/torugart-3d/.angular/cache/17.3.17/vite/deps/chunk-LGRTSC5P.js?v=ca18ca99:302
[ 4891896ms] [WARNING] THREE.THREE.Clock: This module has been deprecated. Please use THREE.Timer instead. @ http://localhost:4200/@fs/home/ubuntu/Desktop/torugart-3d/.angular/cache/17.3.17/vite/deps/chunk-LGRTSC5P.js?v=ca18ca99:302
[ 4891939ms] [WARNING] THREE.WebGLShadowMap: PCFSoftShadowMap has been deprecated. Using PCFShadowMap instead. @ http://localhost:4200/@fs/home/ubuntu/Desktop/torugart-3d/.angular/cache/17.3.17/vite/deps/chunk-LGRTSC5P.js?v=ca18ca99:302
[ 4906874ms] [WARNING] THREE.THREE.Clock: This module has been deprecated. Please use THREE.Timer instead. @ http://localhost:4200/@fs/home/ubuntu/Desktop/torugart-3d/.angular/cache/17.3.17/vite/deps/chunk-LGRTSC5P.js?v=ca18ca99:302
[ 4906916ms] [WARNING] THREE.WebGLShadowMap: PCFSoftShadowMap has been deprecated. Using PCFShadowMap instead. @ http://localhost:4200/@fs/home/ubuntu/Desktop/torugart-3d/.angular/cache/17.3.17/vite/deps/chunk-LGRTSC5P.js?v=ca18ca99:302
[ 4929662ms] [WARNING] THREE.THREE.Clock: This module has been deprecated. Please use THREE.Timer instead. @ http://localhost:4200/@fs/home/ubuntu/Desktop/torugart-3d/.angular/cache/17.3.17/vite/deps/chunk-LGRTSC5P.js?v=ca18ca99:302
[ 4929716ms] [WARNING] THREE.WebGLShadowMap: PCFSoftShadowMap has been deprecated. Using PCFShadowMap instead. @ http://localhost:4200/@fs/home/ubuntu/Desktop/torugart-3d/.angular/cache/17.3.17/vite/deps/chunk-LGRTSC5P.js?v=ca18ca99:302
[ 5093307ms] [WARNING] THREE.THREE.Clock: This module has been deprecated. Please use THREE.Timer instead. @ http://localhost:4200/@fs/home/ubuntu/Desktop/torugart-3d/.angular/cache/17.3.17/vite/deps/chunk-LGRTSC5P.js?v=ca18ca99:302
[ 5093358ms] [WARNING] THREE.WebGLShadowMap: PCFSoftShadowMap has been deprecated. Using PCFShadowMap instead. @ http://localhost:4200/@fs/home/ubuntu/Desktop/torugart-3d/.angular/cache/17.3.17/vite/deps/chunk-LGRTSC5P.js?v=ca18ca99:302
[ 6657541ms] [WARNING] THREE.THREE.Clock: This module has been deprecated. Please use THREE.Timer instead. @ http://localhost:4200/@fs/home/ubuntu/Desktop/torugart-3d/.angular/cache/17.3.17/vite/deps/chunk-LGRTSC5P.js?v=ca18ca99:302
[ 6657603ms] [WARNING] THREE.WebGLShadowMap: PCFSoftShadowMap has been deprecated. Using PCFShadowMap instead. @ http://localhost:4200/@fs/home/ubuntu/Desktop/torugart-3d/.angular/cache/17.3.17/vite/deps/chunk-LGRTSC5P.js?v=ca18ca99:302
[ 6710591ms] [WARNING] THREE.THREE.Clock: This module has been deprecated. Please use THREE.Timer instead. @ http://localhost:4200/@fs/home/ubuntu/Desktop/torugart-3d/.angular/cache/17.3.17/vite/deps/chunk-LGRTSC5P.js?v=ca18ca99:302
[ 6710668ms] [WARNING] THREE.WebGLShadowMap: PCFSoftShadowMap has been deprecated. Using PCFShadowMap instead. @ http://localhost:4200/@fs/home/ubuntu/Desktop/torugart-3d/.angular/cache/17.3.17/vite/deps/chunk-LGRTSC5P.js?v=ca18ca99:302
[ 6724517ms] [WARNING] THREE.THREE.Clock: This module has been deprecated. Please use THREE.Timer instead. @ http://localhost:4200/@fs/home/ubuntu/Desktop/torugart-3d/.angular/cache/17.3.17/vite/deps/chunk-LGRTSC5P.js?v=ca18ca99:302
[ 6724580ms] [WARNING] THREE.WebGLShadowMap: PCFSoftShadowMap has been deprecated. Using PCFShadowMap instead. @ http://localhost:4200/@fs/home/ubuntu/Desktop/torugart-3d/.angular/cache/17.3.17/vite/deps/chunk-LGRTSC5P.js?v=ca18ca99:302
[ 6776269ms] [WARNING] THREE.THREE.Clock: This module has been deprecated. Please use THREE.Timer instead. @ http://localhost:4200/@fs/home/ubuntu/Desktop/torugart-3d/.angular/cache/17.3.17/vite/deps/chunk-LGRTSC5P.js?v=ca18ca99:302
[ 6776351ms] [WARNING] THREE.WebGLShadowMap: PCFSoftShadowMap has been deprecated. Using PCFShadowMap instead. @ http://localhost:4200/@fs/home/ubuntu/Desktop/torugart-3d/.angular/cache/17.3.17/vite/deps/chunk-LGRTSC5P.js?v=ca18ca99:302
[ 6845133ms] [WARNING] THREE.THREE.Clock: This module has been deprecated. Please use THREE.Timer instead. @ http://localhost:4200/@fs/home/ubuntu/Desktop/torugart-3d/.angular/cache/17.3.17/vite/deps/chunk-LGRTSC5P.js?v=ca18ca99:302
[ 6845196ms] [WARNING] THREE.WebGLShadowMap: PCFSoftShadowMap has been deprecated. Using PCFShadowMap instead. @ http://localhost:4200/@fs/home/ubuntu/Desktop/torugart-3d/.angular/cache/17.3.17/vite/deps/chunk-LGRTSC5P.js?v=ca18ca99:302
[ 6953146ms] [WARNING] THREE.THREE.Clock: This module has been deprecated. Please use THREE.Timer instead. @ http://localhost:4200/@fs/home/ubuntu/Desktop/torugart-3d/.angular/cache/17.3.17/vite/deps/chunk-LGRTSC5P.js?v=ca18ca99:302
[ 6953221ms] [WARNING] THREE.WebGLShadowMap: PCFSoftShadowMap has been deprecated. Using PCFShadowMap instead. @ http://localhost:4200/@fs/home/ubuntu/Desktop/torugart-3d/.angular/cache/17.3.17/vite/deps/chunk-LGRTSC5P.js?v=ca18ca99:302
[ 6966495ms] [WARNING] THREE.THREE.Clock: This module has been deprecated. Please use THREE.Timer instead. @ http://localhost:4200/@fs/home/ubuntu/Desktop/torugart-3d/.angular/cache/17.3.17/vite/deps/chunk-LGRTSC5P.js?v=ca18ca99:302
[ 6966556ms] [WARNING] THREE.WebGLShadowMap: PCFSoftShadowMap has been deprecated. Using PCFShadowMap instead. @ http://localhost:4200/@fs/home/ubuntu/Desktop/torugart-3d/.angular/cache/17.3.17/vite/deps/chunk-LGRTSC5P.js?v=ca18ca99:302
[ 6988793ms] [WARNING] THREE.THREE.Clock: This module has been deprecated. Please use THREE.Timer instead. @ http://localhost:4200/@fs/home/ubuntu/Desktop/torugart-3d/.angular/cache/17.3.17/vite/deps/chunk-LGRTSC5P.js?v=ca18ca99:302
[ 6988853ms] [WARNING] THREE.WebGLShadowMap: PCFSoftShadowMap has been deprecated. Using PCFShadowMap instead. @ http://localhost:4200/@fs/home/ubuntu/Desktop/torugart-3d/.angular/cache/17.3.17/vite/deps/chunk-LGRTSC5P.js?v=ca18ca99:302
[ 7011022ms] [WARNING] THREE.THREE.Clock: This module has been deprecated. Please use THREE.Timer instead. @ http://localhost:4200/@fs/home/ubuntu/Desktop/torugart-3d/.angular/cache/17.3.17/vite/deps/chunk-LGRTSC5P.js?v=ca18ca99:302
[ 7011089ms] [WARNING] THREE.WebGLShadowMap: PCFSoftShadowMap has been deprecated. Using PCFShadowMap instead. @ http://localhost:4200/@fs/home/ubuntu/Desktop/torugart-3d/.angular/cache/17.3.17/vite/deps/chunk-LGRTSC5P.js?v=ca18ca99:302
[ 7072702ms] [WARNING] THREE.THREE.Clock: This module has been deprecated. Please use THREE.Timer instead. @ http://localhost:4200/@fs/home/ubuntu/Desktop/torugart-3d/.angular/cache/17.3.17/vite/deps/chunk-LGRTSC5P.js?v=ca18ca99:302
[ 7072769ms] [WARNING] THREE.WebGLShadowMap: PCFSoftShadowMap has been deprecated. Using PCFShadowMap instead. @ http://localhost:4200/@fs/home/ubuntu/Desktop/torugart-3d/.angular/cache/17.3.17/vite/deps/chunk-LGRTSC5P.js?v=ca18ca99:302
[ 7250072ms] [WARNING] THREE.THREE.Clock: This module has been deprecated. Please use THREE.Timer instead. @ http://localhost:4200/@fs/home/ubuntu/Desktop/torugart-3d/.angular/cache/17.3.17/vite/deps/chunk-LGRTSC5P.js?v=ca18ca99:302
[ 7250136ms] [WARNING] THREE.WebGLShadowMap: PCFSoftShadowMap has been deprecated. Using PCFShadowMap instead. @ http://localhost:4200/@fs/home/ubuntu/Desktop/torugart-3d/.angular/cache/17.3.17/vite/deps/chunk-LGRTSC5P.js?v=ca18ca99:302
[ 7361695ms] [WARNING] THREE.THREE.Clock: This module has been deprecated. Please use THREE.Timer instead. @ http://localhost:4200/@fs/home/ubuntu/Desktop/torugart-3d/.angular/cache/17.3.17/vite/deps/chunk-LGRTSC5P.js?v=ca18ca99:302
[ 7361755ms] [WARNING] THREE.WebGLShadowMap: PCFSoftShadowMap has been deprecated. Using PCFShadowMap instead. @ http://localhost:4200/@fs/home/ubuntu/Desktop/torugart-3d/.angular/cache/17.3.17/vite/deps/chunk-LGRTSC5P.js?v=ca18ca99:302
[ 7654620ms] [WARNING] THREE.THREE.Clock: This module has been deprecated. Please use THREE.Timer instead. @ http://localhost:4200/@fs/home/ubuntu/Desktop/torugart-3d/.angular/cache/17.3.17/vite/deps/chunk-LGRTSC5P.js?v=ca18ca99:302
[ 7654690ms] [WARNING] THREE.WebGLShadowMap: PCFSoftShadowMap has been deprecated. Using PCFShadowMap instead. @ http://localhost:4200/@fs/home/ubuntu/Desktop/torugart-3d/.angular/cache/17.3.17/vite/deps/chunk-LGRTSC5P.js?v=ca18ca99:302
[ 7755143ms] [WARNING] THREE.THREE.Clock: This module has been deprecated. Please use THREE.Timer instead. @ http://localhost:4200/@fs/home/ubuntu/Desktop/torugart-3d/.angular/cache/17.3.17/vite/deps/chunk-LGRTSC5P.js?v=ca18ca99:302
[ 7755212ms] [WARNING] THREE.WebGLShadowMap: PCFSoftShadowMap has been deprecated. Using PCFShadowMap instead. @ http://localhost:4200/@fs/home/ubuntu/Desktop/torugart-3d/.angular/cache/17.3.17/vite/deps/chunk-LGRTSC5P.js?v=ca18ca99:302
[ 7976780ms] [WARNING] THREE.THREE.Clock: This module has been deprecated. Please use THREE.Timer instead. @ http://localhost:4200/@fs/home/ubuntu/Desktop/torugart-3d/.angular/cache/17.3.17/vite/deps/chunk-LGRTSC5P.js?v=ca18ca99:302
[ 7976864ms] [WARNING] THREE.WebGLShadowMap: PCFSoftShadowMap has been deprecated. Using PCFShadowMap instead. @ http://localhost:4200/@fs/home/ubuntu/Desktop/torugart-3d/.angular/cache/17.3.17/vite/deps/chunk-LGRTSC5P.js?v=ca18ca99:302
[15780491ms] [WARNING] THREE.THREE.Clock: This module has been deprecated. Please use THREE.Timer instead. @ http://localhost:4200/@fs/home/ubuntu/Desktop/torugart-3d/.angular/cache/17.3.17/vite/deps/chunk-LGRTSC5P.js?v=ca18ca99:302
[15780559ms] [WARNING] THREE.WebGLShadowMap: PCFSoftShadowMap has been deprecated. Using PCFShadowMap instead. @ http://localhost:4200/@fs/home/ubuntu/Desktop/torugart-3d/.angular/cache/17.3.17/vite/deps/chunk-LGRTSC5P.js?v=ca18ca99:302
[15815566ms] [WARNING] THREE.THREE.Clock: This module has been deprecated. Please use THREE.Timer instead. @ http://localhost:4200/@fs/home/ubuntu/Desktop/torugart-3d/.angular/cache/17.3.17/vite/deps/chunk-LGRTSC5P.js?v=ca18ca99:302
[15815637ms] [WARNING] THREE.WebGLShadowMap: PCFSoftShadowMap has been deprecated. Using PCFShadowMap instead. @ http://localhost:4200/@fs/home/ubuntu/Desktop/torugart-3d/.angular/cache/17.3.17/vite/deps/chunk-LGRTSC5P.js?v=ca18ca99:302
[15942550ms] [WARNING] THREE.THREE.Clock: This module has been deprecated. Please use THREE.Timer instead. @ http://localhost:4200/@fs/home/ubuntu/Desktop/torugart-3d/.angular/cache/17.3.17/vite/deps/chunk-LGRTSC5P.js?v=ca18ca99:302
[15942619ms] [WARNING] THREE.WebGLShadowMap: PCFSoftShadowMap has been deprecated. Using PCFShadowMap instead. @ http://localhost:4200/@fs/home/ubuntu/Desktop/torugart-3d/.angular/cache/17.3.17/vite/deps/chunk-LGRTSC5P.js?v=ca18ca99:302
[16041840ms] [WARNING] THREE.THREE.Clock: This module has been deprecated. Please use THREE.Timer instead. @ http://localhost:4200/@fs/home/ubuntu/Desktop/torugart-3d/.angular/cache/17.3.17/vite/deps/chunk-LGRTSC5P.js?v=ca18ca99:302
[16066808ms] [WARNING] THREE.WebGLShadowMap: PCFSoftShadowMap has been deprecated. Using PCFShadowMap instead. @ http://localhost:4200/@fs/home/ubuntu/Desktop/torugart-3d/.angular/cache/17.3.17/vite/deps/chunk-LGRTSC5P.js?v=ca18ca99:302
[69229075ms] [WARNING] THREE.THREE.Clock: This module has been deprecated. Please use THREE.Timer instead. @ http://localhost:4200/@fs/home/ubuntu/Desktop/torugart-3d/.angular/cache/17.3.17/vite/deps/chunk-LGRTSC5P.js?v=ca18ca99:302
[69229150ms] [WARNING] THREE.WebGLShadowMap: PCFSoftShadowMap has been deprecated. Using PCFShadowMap instead. @ http://localhost:4200/@fs/home/ubuntu/Desktop/torugart-3d/.angular/cache/17.3.17/vite/deps/chunk-LGRTSC5P.js?v=ca18ca99:302
